{"C:\\Users\\10\\Desktop\\lab5web\\src\\pages\\adminAccesses\\index.jsx": {"path":"C:\\Users\\10\\Desktop\\lab5web\\src\\pages\\adminAccesses\\index.jsx","statementMap":{"0":{"start":{"line":7,"column":22},"end":{"line":68,"column":1}},"1":{"start":{"line":8,"column":36},"end":{"line":8,"column":48}},"2":{"start":{"line":10,"column":4},"end":{"line":18,"column":11}},"3":{"start":{"line":12,"column":8},"end":{"line":16,"column":15}},"4":{"start":{"line":14,"column":16},"end":{"line":14,"column":38}},"5":{"start":{"line":21,"column":4},"end":{"line":67,"column":6}},"6":{"start":{"line":50,"column":32},"end":{"line":59,"column":37}},"7":{"start":{"line":55,"column":63},"end":{"line":55,"column":113}}},"fnMap":{"0":{"name":"(anonymous_0)","decl":{"start":{"line":7,"column":22},"end":{"line":7,"column":23}},"loc":{"start":{"line":7,"column":28},"end":{"line":68,"column":1}},"line":7},"1":{"name":"(anonymous_1)","decl":{"start":{"line":10,"column":14},"end":{"line":10,"column":15}},"loc":{"start":{"line":10,"column":20},"end":{"line":18,"column":5}},"line":10},"2":{"name":"(anonymous_2)","decl":{"start":{"line":13,"column":18},"end":{"line":13,"column":19}},"loc":{"start":{"line":13,"column":30},"end":{"line":16,"column":13}},"line":13},"3":{"name":"(anonymous_3)","decl":{"start":{"line":48,"column":41},"end":{"line":48,"column":42}},"loc":{"start":{"line":50,"column":32},"end":{"line":59,"column":37}},"line":50},"4":{"name":"(anonymous_4)","decl":{"start":{"line":55,"column":57},"end":{"line":55,"column":58}},"loc":{"start":{"line":55,"column":63},"end":{"line":55,"column":113}},"line":55}},"branchMap":{},"s":{"0":0,"1":0,"2":0,"3":0,"4":0,"5":0,"6":0,"7":0},"f":{"0":0,"1":0,"2":0,"3":0,"4":0},"b":{}}
,"C:\\Users\\10\\Desktop\\lab5web\\src\\pages\\adminAccesses\\api\\deleteAccess.js": {"path":"C:\\Users\\10\\Desktop\\lab5web\\src\\pages\\adminAccesses\\api\\deleteAccess.js","statementMap":{"0":{"start":{"line":1,"column":28},"end":{"line":14,"column":1}},"1":{"start":{"line":2,"column":4},"end":{"line":13,"column":5}},"2":{"start":{"line":3,"column":25},"end":{"line":10,"column":10}},"3":{"start":{"line":12,"column":8},"end":{"line":12,"column":23}}},"fnMap":{"0":{"name":"(anonymous_0)","decl":{"start":{"line":1,"column":28},"end":{"line":1,"column":29}},"loc":{"start":{"line":1,"column":60},"end":{"line":14,"column":1}},"line":1}},"branchMap":{},"s":{"0":1,"1":2,"2":2,"3":1},"f":{"0":2},"b":{},"_coverageSchema":"1a1c01bbd47fc00a2c39e90264f33305004495a9","hash":"37ab3c19cb245c66c4276326c452f1308c18245b"}
,"C:\\Users\\10\\Desktop\\lab5web\\src\\pages\\adminAccesses\\api\\getAccesses.js": {"path":"C:\\Users\\10\\Desktop\\lab5web\\src\\pages\\adminAccesses\\api\\getAccesses.js","statementMap":{"0":{"start":{"line":1,"column":27},"end":{"line":10,"column":1}},"1":{"start":{"line":2,"column":21},"end":{"line":8,"column":6}},"2":{"start":{"line":9,"column":4},"end":{"line":9,"column":27}}},"fnMap":{"0":{"name":"(anonymous_0)","decl":{"start":{"line":1,"column":27},"end":{"line":1,"column":28}},"loc":{"start":{"line":1,"column":39},"end":{"line":10,"column":1}},"line":1}},"branchMap":{},"s":{"0":1,"1":2,"2":2},"f":{"0":2},"b":{},"_coverageSchema":"1a1c01bbd47fc00a2c39e90264f33305004495a9","hash":"f663276c5dad1df10ba4191d8af34a1a18ccf7f8"}
,"C:\\Users\\10\\Desktop\\lab5web\\src\\pages\\adminCalendars\\index.jsx": {"path":"C:\\Users\\10\\Desktop\\lab5web\\src\\pages\\adminCalendars\\index.jsx","statementMap":{"0":{"start":{"line":7,"column":23},"end":{"line":102,"column":1}},"1":{"start":{"line":8,"column":38},"end":{"line":8,"column":50}},"2":{"start":{"line":9,"column":54},"end":{"line":9,"column":66}},"3":{"start":{"line":10,"column":30},"end":{"line":10,"column":42}},"4":{"start":{"line":11,"column":30},"end":{"line":21,"column":5}},"5":{"start":{"line":12,"column":8},"end":{"line":20,"column":9}},"6":{"start":{"line":13,"column":12},"end":{"line":13,"column":36}},"7":{"start":{"line":15,"column":13},"end":{"line":20,"column":9}},"8":{"start":{"line":16,"column":12},"end":{"line":16,"column":49}},"9":{"start":{"line":19,"column":12},"end":{"line":19,"column":31}},"10":{"start":{"line":22,"column":4},"end":{"line":30,"column":11}},"11":{"start":{"line":24,"column":8},"end":{"line":28,"column":15}},"12":{"start":{"line":26,"column":16},"end":{"line":26,"column":40}},"13":{"start":{"line":27,"column":16},"end":{"line":27,"column":48}},"14":{"start":{"line":32,"column":4},"end":{"line":35,"column":27}},"15":{"start":{"line":33,"column":34},"end":{"line":33,"column":99}},"16":{"start":{"line":33,"column":63},"end":{"line":33,"column":98}},"17":{"start":{"line":34,"column":8},"end":{"line":34,"column":48}},"18":{"start":{"line":37,"column":4},"end":{"line":101,"column":6}},"19":{"start":{"line":51,"column":44},"end":{"line":51,"column":68}},"20":{"start":{"line":68,"column":32},"end":{"line":85,"column":37}},"21":{"start":{"line":81,"column":63},"end":{"line":81,"column":90}}},"fnMap":{"0":{"name":"(anonymous_0)","decl":{"start":{"line":7,"column":23},"end":{"line":7,"column":24}},"loc":{"start":{"line":7,"column":29},"end":{"line":102,"column":1}},"line":7},"1":{"name":"(anonymous_1)","decl":{"start":{"line":11,"column":30},"end":{"line":11,"column":31}},"loc":{"start":{"line":11,"column":47},"end":{"line":21,"column":5}},"line":11},"2":{"name":"(anonymous_2)","decl":{"start":{"line":22,"column":14},"end":{"line":22,"column":15}},"loc":{"start":{"line":22,"column":20},"end":{"line":30,"column":5}},"line":22},"3":{"name":"(anonymous_3)","decl":{"start":{"line":25,"column":18},"end":{"line":25,"column":19}},"loc":{"start":{"line":25,"column":31},"end":{"line":28,"column":13}},"line":25},"4":{"name":"(anonymous_4)","decl":{"start":{"line":32,"column":14},"end":{"line":32,"column":15}},"loc":{"start":{"line":32,"column":20},"end":{"line":35,"column":5}},"line":32},"5":{"name":"(anonymous_5)","decl":{"start":{"line":33,"column":51},"end":{"line":33,"column":52}},"loc":{"start":{"line":33,"column":63},"end":{"line":33,"column":98}},"line":33},"6":{"name":"(anonymous_6)","decl":{"start":{"line":51,"column":37},"end":{"line":51,"column":38}},"loc":{"start":{"line":51,"column":44},"end":{"line":51,"column":68}},"line":51},"7":{"name":"(anonymous_7)","decl":{"start":{"line":67,"column":50},"end":{"line":67,"column":51}},"loc":{"start":{"line":68,"column":32},"end":{"line":85,"column":37}},"line":68},"8":{"name":"(anonymous_8)","decl":{"start":{"line":81,"column":57},"end":{"line":81,"column":58}},"loc":{"start":{"line":81,"column":63},"end":{"line":81,"column":90}},"line":81}},"branchMap":{"0":{"loc":{"start":{"line":12,"column":8},"end":{"line":20,"column":9}},"type":"if","locations":[{"start":{"line":12,"column":8},"end":{"line":20,"column":9}},{"start":{"line":15,"column":13},"end":{"line":20,"column":9}}],"line":12},"1":{"loc":{"start":{"line":15,"column":13},"end":{"line":20,"column":9}},"type":"if","locations":[{"start":{"line":15,"column":13},"end":{"line":20,"column":9}},{"start":{"line":18,"column":12},"end":{"line":20,"column":9}}],"line":15}},"s":{"0":0,"1":0,"2":0,"3":0,"4":0,"5":0,"6":0,"7":0,"8":0,"9":0,"10":0,"11":0,"12":0,"13":0,"14":0,"15":0,"16":0,"17":0,"18":0,"19":0,"20":0,"21":0},"f":{"0":0,"1":0,"2":0,"3":0,"4":0,"5":0,"6":0,"7":0,"8":0},"b":{"0":[0,0],"1":[0,0]}}
,"C:\\Users\\10\\Desktop\\lab5web\\src\\pages\\adminCalendars\\api\\deleteCalendar.js": {"path":"C:\\Users\\10\\Desktop\\lab5web\\src\\pages\\adminCalendars\\api\\deleteCalendar.js","statementMap":{"0":{"start":{"line":1,"column":30},"end":{"line":15,"column":1}},"1":{"start":{"line":2,"column":4},"end":{"line":14,"column":5}},"2":{"start":{"line":3,"column":25},"end":{"line":10,"column":10}},"3":{"start":{"line":13,"column":8},"end":{"line":13,"column":22}}},"fnMap":{"0":{"name":"(anonymous_0)","decl":{"start":{"line":1,"column":30},"end":{"line":1,"column":31}},"loc":{"start":{"line":1,"column":44},"end":{"line":15,"column":1}},"line":1}},"branchMap":{},"s":{"0":2,"1":2,"2":2,"3":1},"f":{"0":2},"b":{},"_coverageSchema":"1a1c01bbd47fc00a2c39e90264f33305004495a9","hash":"e22145c122b6986fe6c71f73ef5186a88a059439"}
,"C:\\Users\\10\\Desktop\\lab5web\\src\\pages\\adminCalendars\\api\\getCalendars.js": {"path":"C:\\Users\\10\\Desktop\\lab5web\\src\\pages\\adminCalendars\\api\\getCalendars.js","statementMap":{"0":{"start":{"line":1,"column":28},"end":{"line":10,"column":1}},"1":{"start":{"line":2,"column":21},"end":{"line":8,"column":6}},"2":{"start":{"line":9,"column":4},"end":{"line":9,"column":27}}},"fnMap":{"0":{"name":"(anonymous_0)","decl":{"start":{"line":1,"column":28},"end":{"line":1,"column":29}},"loc":{"start":{"line":1,"column":40},"end":{"line":10,"column":1}},"line":1}},"branchMap":{},"s":{"0":2,"1":1,"2":1},"f":{"0":1},"b":{},"_coverageSchema":"1a1c01bbd47fc00a2c39e90264f33305004495a9","hash":"dcad7e5447a97084834f72d7df2aff1e07ba5ad3"}
,"C:\\Users\\10\\Desktop\\lab5web\\src\\pages\\adminCategories\\index.jsx": {"path":"C:\\Users\\10\\Desktop\\lab5web\\src\\pages\\adminCategories\\index.jsx","statementMap":{"0":{"start":{"line":7,"column":24},"end":{"line":83,"column":1}},"1":{"start":{"line":8,"column":40},"end":{"line":8,"column":52}},"2":{"start":{"line":9,"column":56},"end":{"line":9,"column":68}},"3":{"start":{"line":10,"column":30},"end":{"line":10,"column":42}},"4":{"start":{"line":12,"column":4},"end":{"line":20,"column":11}},"5":{"start":{"line":14,"column":8},"end":{"line":18,"column":15}},"6":{"start":{"line":16,"column":16},"end":{"line":16,"column":42}},"7":{"start":{"line":17,"column":16},"end":{"line":17,"column":50}},"8":{"start":{"line":22,"column":4},"end":{"line":25,"column":28}},"9":{"start":{"line":23,"column":35},"end":{"line":23,"column":101}},"10":{"start":{"line":23,"column":65},"end":{"line":23,"column":100}},"11":{"start":{"line":24,"column":8},"end":{"line":24,"column":50}},"12":{"start":{"line":27,"column":4},"end":{"line":82,"column":6}},"13":{"start":{"line":45,"column":44},"end":{"line":45,"column":68}},"14":{"start":{"line":60,"column":32},"end":{"line":74,"column":37}},"15":{"start":{"line":70,"column":63},"end":{"line":70,"column":90}}},"fnMap":{"0":{"name":"(anonymous_0)","decl":{"start":{"line":7,"column":24},"end":{"line":7,"column":25}},"loc":{"start":{"line":7,"column":30},"end":{"line":83,"column":1}},"line":7},"1":{"name":"(anonymous_1)","decl":{"start":{"line":12,"column":14},"end":{"line":12,"column":15}},"loc":{"start":{"line":12,"column":20},"end":{"line":20,"column":5}},"line":12},"2":{"name":"(anonymous_2)","decl":{"start":{"line":15,"column":18},"end":{"line":15,"column":19}},"loc":{"start":{"line":15,"column":32},"end":{"line":18,"column":13}},"line":15},"3":{"name":"(anonymous_3)","decl":{"start":{"line":22,"column":14},"end":{"line":22,"column":15}},"loc":{"start":{"line":22,"column":20},"end":{"line":25,"column":5}},"line":22},"4":{"name":"(anonymous_4)","decl":{"start":{"line":23,"column":53},"end":{"line":23,"column":54}},"loc":{"start":{"line":23,"column":65},"end":{"line":23,"column":100}},"line":23},"5":{"name":"(anonymous_5)","decl":{"start":{"line":45,"column":37},"end":{"line":45,"column":38}},"loc":{"start":{"line":45,"column":44},"end":{"line":45,"column":68}},"line":45},"6":{"name":"(anonymous_6)","decl":{"start":{"line":59,"column":51},"end":{"line":59,"column":52}},"loc":{"start":{"line":60,"column":32},"end":{"line":74,"column":37}},"line":60},"7":{"name":"(anonymous_7)","decl":{"start":{"line":70,"column":57},"end":{"line":70,"column":58}},"loc":{"start":{"line":70,"column":63},"end":{"line":70,"column":90}},"line":70}},"branchMap":{},"s":{"0":1,"1":16,"2":15,"3":15,"4":15,"5":4,"6":4,"7":4,"8":15,"9":8,"10":6,"11":8,"12":15,"13":1,"14":9,"15":0},"f":{"0":16,"1":4,"2":4,"3":8,"4":6,"5":1,"6":9,"7":0},"b":{},"_coverageSchema":"1a1c01bbd47fc00a2c39e90264f33305004495a9","hash":"ae6663fc58ad225756764d3488d8b2e59c7b3526"}
,"C:\\Users\\10\\Desktop\\lab5web\\src\\pages\\adminCategories\\api\\deleteCategory.js": {"path":"C:\\Users\\10\\Desktop\\lab5web\\src\\pages\\adminCategories\\api\\deleteCategory.js","statementMap":{"0":{"start":{"line":1,"column":30},"end":{"line":15,"column":1}},"1":{"start":{"line":2,"column":4},"end":{"line":14,"column":5}},"2":{"start":{"line":3,"column":25},"end":{"line":10,"column":10}},"3":{"start":{"line":13,"column":8},"end":{"line":13,"column":22}}},"fnMap":{"0":{"name":"(anonymous_0)","decl":{"start":{"line":1,"column":30},"end":{"line":1,"column":31}},"loc":{"start":{"line":1,"column":44},"end":{"line":15,"column":1}},"line":1}},"branchMap":{},"s":{"0":2,"1":2,"2":2,"3":1},"f":{"0":2},"b":{},"_coverageSchema":"1a1c01bbd47fc00a2c39e90264f33305004495a9","hash":"deb05928fe1d4fa30cad58a6814daf4d0957d1d2"}
,"C:\\Users\\10\\Desktop\\lab5web\\src\\pages\\adminCategories\\api\\getCategories.js": {"path":"C:\\Users\\10\\Desktop\\lab5web\\src\\pages\\adminCategories\\api\\getCategories.js","statementMap":{"0":{"start":{"line":1,"column":29},"end":{"line":10,"column":1}},"1":{"start":{"line":2,"column":21},"end":{"line":8,"column":6}},"2":{"start":{"line":9,"column":4},"end":{"line":9,"column":27}}},"fnMap":{"0":{"name":"(anonymous_0)","decl":{"start":{"line":1,"column":29},"end":{"line":1,"column":30}},"loc":{"start":{"line":1,"column":41},"end":{"line":10,"column":1}},"line":1}},"branchMap":{},"s":{"0":2,"1":1,"2":1},"f":{"0":1},"b":{},"_coverageSchema":"1a1c01bbd47fc00a2c39e90264f33305004495a9","hash":"9db8e7c358b5ebe5908ee30dabbc464eca1e8247"}
,"C:\\Users\\10\\Desktop\\lab5web\\src\\pages\\adminEditUser\\index.jsx": {"path":"C:\\Users\\10\\Desktop\\lab5web\\src\\pages\\adminEditUser\\index.jsx","statementMap":{"0":{"start":{"line":7,"column":17},"end":{"line":91,"column":1}},"1":{"start":{"line":9,"column":19},"end":{"line":9,"column":30}},"2":{"start":{"line":10,"column":21},"end":{"line":10,"column":34}},"3":{"start":{"line":11,"column":28},"end":{"line":19,"column":6}},"4":{"start":{"line":21,"column":4},"end":{"line":24,"column":11}},"5":{"start":{"line":22,"column":8},"end":{"line":23,"column":27}},"6":{"start":{"line":26,"column":25},"end":{"line":31,"column":5}},"7":{"start":{"line":27,"column":8},"end":{"line":30,"column":12}},"8":{"start":{"line":27,"column":25},"end":{"line":30,"column":9}},"9":{"start":{"line":33,"column":25},"end":{"line":41,"column":5}},"10":{"start":{"line":34,"column":8},"end":{"line":34,"column":27}},"11":{"start":{"line":35,"column":8},"end":{"line":35,"column":23}},"12":{"start":{"line":36,"column":8},"end":{"line":36,"column":26}},"13":{"start":{"line":37,"column":8},"end":{"line":40,"column":15}},"14":{"start":{"line":39,"column":16},"end":{"line":39,"column":41}},"15":{"start":{"line":43,"column":4},"end":{"line":90,"column":6}}},"fnMap":{"0":{"name":"(anonymous_0)","decl":{"start":{"line":7,"column":17},"end":{"line":7,"column":18}},"loc":{"start":{"line":7,"column":23},"end":{"line":91,"column":1}},"line":7},"1":{"name":"(anonymous_1)","decl":{"start":{"line":21,"column":14},"end":{"line":21,"column":15}},"loc":{"start":{"line":21,"column":20},"end":{"line":24,"column":5}},"line":21},"2":{"name":"(anonymous_2)","decl":{"start":{"line":26,"column":25},"end":{"line":26,"column":26}},"loc":{"start":{"line":26,"column":32},"end":{"line":31,"column":5}},"line":26},"3":{"name":"(anonymous_3)","decl":{"start":{"line":27,"column":16},"end":{"line":27,"column":17}},"loc":{"start":{"line":27,"column":25},"end":{"line":30,"column":9}},"line":27},"4":{"name":"(anonymous_4)","decl":{"start":{"line":33,"column":25},"end":{"line":33,"column":26}},"loc":{"start":{"line":33,"column":32},"end":{"line":41,"column":5}},"line":33},"5":{"name":"(anonymous_5)","decl":{"start":{"line":38,"column":18},"end":{"line":38,"column":19}},"loc":{"start":{"line":38,"column":24},"end":{"line":40,"column":13}},"line":38}},"branchMap":{},"s":{"0":0,"1":0,"2":0,"3":0,"4":0,"5":0,"6":0,"7":0,"8":0,"9":0,"10":0,"11":0,"12":0,"13":0,"14":0,"15":0},"f":{"0":0,"1":0,"2":0,"3":0,"4":0,"5":0},"b":{}}
,"C:\\Users\\10\\Desktop\\lab5web\\src\\pages\\adminEditUser\\api\\editUser.js": {"path":"C:\\Users\\10\\Desktop\\lab5web\\src\\pages\\adminEditUser\\api\\editUser.js","statementMap":{"0":{"start":{"line":1,"column":27},"end":{"line":10,"column":1}},"1":{"start":{"line":2,"column":21},"end":{"line":8,"column":6}},"2":{"start":{"line":9,"column":4},"end":{"line":9,"column":33}},"3":{"start":{"line":12,"column":26},"end":{"line":22,"column":1}},"4":{"start":{"line":13,"column":4},"end":{"line":21,"column":7}}},"fnMap":{"0":{"name":"(anonymous_0)","decl":{"start":{"line":1,"column":27},"end":{"line":1,"column":28}},"loc":{"start":{"line":1,"column":41},"end":{"line":10,"column":1}},"line":1},"1":{"name":"(anonymous_1)","decl":{"start":{"line":12,"column":26},"end":{"line":12,"column":27}},"loc":{"start":{"line":12,"column":46},"end":{"line":22,"column":1}},"line":12}},"branchMap":{},"s":{"0":1,"1":2,"2":2,"3":1,"4":1},"f":{"0":2,"1":1},"b":{},"_coverageSchema":"1a1c01bbd47fc00a2c39e90264f33305004495a9","hash":"372db7120739950947adcbf532a1615073860307"}
,"C:\\Users\\10\\Desktop\\lab5web\\src\\pages\\adminEvents\\index.jsx": {"path":"C:\\Users\\10\\Desktop\\lab5web\\src\\pages\\adminEvents\\index.jsx","statementMap":{"0":{"start":{"line":8,"column":20},"end":{"line":100,"column":1}},"1":{"start":{"line":9,"column":32},"end":{"line":9,"column":44}},"2":{"start":{"line":10,"column":48},"end":{"line":10,"column":60}},"3":{"start":{"line":11,"column":30},"end":{"line":11,"column":42}},"4":{"start":{"line":12,"column":30},"end":{"line":22,"column":5}},"5":{"start":{"line":13,"column":8},"end":{"line":21,"column":9}},"6":{"start":{"line":14,"column":12},"end":{"line":14,"column":36}},"7":{"start":{"line":16,"column":13},"end":{"line":21,"column":9}},"8":{"start":{"line":17,"column":12},"end":{"line":17,"column":49}},"9":{"start":{"line":20,"column":12},"end":{"line":20,"column":31}},"10":{"start":{"line":23,"column":4},"end":{"line":31,"column":11}},"11":{"start":{"line":25,"column":8},"end":{"line":29,"column":15}},"12":{"start":{"line":27,"column":16},"end":{"line":27,"column":34}},"13":{"start":{"line":28,"column":16},"end":{"line":28,"column":42}},"14":{"start":{"line":33,"column":4},"end":{"line":36,"column":24}},"15":{"start":{"line":34,"column":31},"end":{"line":34,"column":87}},"16":{"start":{"line":34,"column":54},"end":{"line":34,"column":86}},"17":{"start":{"line":35,"column":8},"end":{"line":35,"column":42}},"18":{"start":{"line":38,"column":4},"end":{"line":99,"column":6}},"19":{"start":{"line":52,"column":44},"end":{"line":52,"column":68}},"20":{"start":{"line":72,"column":32},"end":{"line":91,"column":37}},"21":{"start":{"line":87,"column":63},"end":{"line":87,"column":84}}},"fnMap":{"0":{"name":"(anonymous_0)","decl":{"start":{"line":8,"column":20},"end":{"line":8,"column":21}},"loc":{"start":{"line":8,"column":26},"end":{"line":100,"column":1}},"line":8},"1":{"name":"(anonymous_1)","decl":{"start":{"line":12,"column":30},"end":{"line":12,"column":31}},"loc":{"start":{"line":12,"column":47},"end":{"line":22,"column":5}},"line":12},"2":{"name":"(anonymous_2)","decl":{"start":{"line":23,"column":14},"end":{"line":23,"column":15}},"loc":{"start":{"line":23,"column":20},"end":{"line":31,"column":5}},"line":23},"3":{"name":"(anonymous_3)","decl":{"start":{"line":26,"column":18},"end":{"line":26,"column":19}},"loc":{"start":{"line":26,"column":28},"end":{"line":29,"column":13}},"line":26},"4":{"name":"(anonymous_4)","decl":{"start":{"line":33,"column":14},"end":{"line":33,"column":15}},"loc":{"start":{"line":33,"column":20},"end":{"line":36,"column":5}},"line":33},"5":{"name":"(anonymous_5)","decl":{"start":{"line":34,"column":45},"end":{"line":34,"column":46}},"loc":{"start":{"line":34,"column":54},"end":{"line":34,"column":86}},"line":34},"6":{"name":"(anonymous_6)","decl":{"start":{"line":52,"column":37},"end":{"line":52,"column":38}},"loc":{"start":{"line":52,"column":44},"end":{"line":52,"column":68}},"line":52},"7":{"name":"(anonymous_7)","decl":{"start":{"line":71,"column":47},"end":{"line":71,"column":48}},"loc":{"start":{"line":72,"column":32},"end":{"line":91,"column":37}},"line":72},"8":{"name":"(anonymous_8)","decl":{"start":{"line":87,"column":57},"end":{"line":87,"column":58}},"loc":{"start":{"line":87,"column":63},"end":{"line":87,"column":84}},"line":87}},"branchMap":{"0":{"loc":{"start":{"line":13,"column":8},"end":{"line":21,"column":9}},"type":"if","locations":[{"start":{"line":13,"column":8},"end":{"line":21,"column":9}},{"start":{"line":16,"column":13},"end":{"line":21,"column":9}}],"line":13},"1":{"loc":{"start":{"line":16,"column":13},"end":{"line":21,"column":9}},"type":"if","locations":[{"start":{"line":16,"column":13},"end":{"line":21,"column":9}},{"start":{"line":19,"column":12},"end":{"line":21,"column":9}}],"line":16}},"s":{"0":0,"1":0,"2":0,"3":0,"4":0,"5":0,"6":0,"7":0,"8":0,"9":0,"10":0,"11":0,"12":0,"13":0,"14":0,"15":0,"16":0,"17":0,"18":0,"19":0,"20":0,"21":0},"f":{"0":0,"1":0,"2":0,"3":0,"4":0,"5":0,"6":0,"7":0,"8":0},"b":{"0":[0,0],"1":[0,0]}}
,"C:\\Users\\10\\Desktop\\lab5web\\src\\pages\\adminEvents\\api\\deleteEvent.js": {"path":"C:\\Users\\10\\Desktop\\lab5web\\src\\pages\\adminEvents\\api\\deleteEvent.js","statementMap":{"0":{"start":{"line":1,"column":27},"end":{"line":15,"column":1}},"1":{"start":{"line":2,"column":4},"end":{"line":14,"column":5}},"2":{"start":{"line":3,"column":25},"end":{"line":10,"column":10}},"3":{"start":{"line":13,"column":8},"end":{"line":13,"column":22}}},"fnMap":{"0":{"name":"(anonymous_0)","decl":{"start":{"line":1,"column":27},"end":{"line":1,"column":28}},"loc":{"start":{"line":1,"column":41},"end":{"line":15,"column":1}},"line":1}},"branchMap":{},"s":{"0":2,"1":2,"2":2,"3":1},"f":{"0":2},"b":{},"_coverageSchema":"1a1c01bbd47fc00a2c39e90264f33305004495a9","hash":"4e3099e10f72896cc5656682a0717e7215b51ef3"}
,"C:\\Users\\10\\Desktop\\lab5web\\src\\pages\\adminGiveAccess\\index.jsx": {"path":"C:\\Users\\10\\Desktop\\lab5web\\src\\pages\\adminGiveAccess\\index.jsx","statementMap":{"0":{"start":{"line":4,"column":19},"end":{"line":41,"column":1}},"1":{"start":{"line":5,"column":28},"end":{"line":8,"column":6}},"2":{"start":{"line":9,"column":25},"end":{"line":14,"column":5}},"3":{"start":{"line":10,"column":8},"end":{"line":13,"column":12}},"4":{"start":{"line":10,"column":25},"end":{"line":13,"column":9}},"5":{"start":{"line":16,"column":25},"end":{"line":19,"column":5}},"6":{"start":{"line":17,"column":8},"end":{"line":17,"column":27}},"7":{"start":{"line":18,"column":8},"end":{"line":18,"column":73}},"8":{"start":{"line":20,"column":4},"end":{"line":40,"column":6}}},"fnMap":{"0":{"name":"(anonymous_0)","decl":{"start":{"line":4,"column":19},"end":{"line":4,"column":20}},"loc":{"start":{"line":4,"column":25},"end":{"line":41,"column":1}},"line":4},"1":{"name":"(anonymous_1)","decl":{"start":{"line":9,"column":25},"end":{"line":9,"column":26}},"loc":{"start":{"line":9,"column":32},"end":{"line":14,"column":5}},"line":9},"2":{"name":"(anonymous_2)","decl":{"start":{"line":10,"column":16},"end":{"line":10,"column":17}},"loc":{"start":{"line":10,"column":25},"end":{"line":13,"column":9}},"line":10},"3":{"name":"(anonymous_3)","decl":{"start":{"line":16,"column":25},"end":{"line":16,"column":26}},"loc":{"start":{"line":16,"column":38},"end":{"line":19,"column":5}},"line":16}},"branchMap":{},"s":{"0":0,"1":0,"2":0,"3":0,"4":0,"5":0,"6":0,"7":0,"8":0},"f":{"0":0,"1":0,"2":0,"3":0},"b":{}}
,"C:\\Users\\10\\Desktop\\lab5web\\src\\pages\\adminGiveAccess\\api\\giveAccess.js": {"path":"C:\\Users\\10\\Desktop\\lab5web\\src\\pages\\adminGiveAccess\\api\\giveAccess.js","statementMap":{"0":{"start":{"line":1,"column":26},"end":{"line":17,"column":1}},"1":{"start":{"line":2,"column":4},"end":{"line":16,"column":5}},"2":{"start":{"line":3,"column":25},"end":{"line":10,"column":10}},"3":{"start":{"line":11,"column":8},"end":{"line":11,"column":33}},"4":{"start":{"line":12,"column":23},"end":{"line":12,"column":44}},"5":{"start":{"line":13,"column":8},"end":{"line":13,"column":22}},"6":{"start":{"line":15,"column":8},"end":{"line":15,"column":23}}},"fnMap":{"0":{"name":"(anonymous_0)","decl":{"start":{"line":1,"column":26},"end":{"line":1,"column":27}},"loc":{"start":{"line":1,"column":56},"end":{"line":17,"column":1}},"line":1}},"branchMap":{},"s":{"0":1,"1":2,"2":2,"3":1,"4":1,"5":1,"6":1},"f":{"0":2},"b":{},"_coverageSchema":"1a1c01bbd47fc00a2c39e90264f33305004495a9","hash":"8c4f0a6db682c58ec636cb037e37d7c825db0f48"}
,"C:\\Users\\10\\Desktop\\lab5web\\src\\pages\\adminPage\\index.jsx": {"path":"C:\\Users\\10\\Desktop\\lab5web\\src\\pages\\adminPage\\index.jsx","statementMap":{"0":{"start":{"line":9,"column":18},"end":{"line":58,"column":1}},"1":{"start":{"line":10,"column":4},"end":{"line":57,"column":6}}},"fnMap":{"0":{"name":"(anonymous_0)","decl":{"start":{"line":9,"column":18},"end":{"line":9,"column":19}},"loc":{"start":{"line":9,"column":24},"end":{"line":58,"column":1}},"line":9}},"branchMap":{},"s":{"0":1,"1":2},"f":{"0":2},"b":{},"_coverageSchema":"1a1c01bbd47fc00a2c39e90264f33305004495a9","hash":"a3c198b29efaf640766c49a9077072dba6404cdb"}
,"C:\\Users\\10\\Desktop\\lab5web\\src\\pages\\adminUsers\\index.jsx": {"path":"C:\\Users\\10\\Desktop\\lab5web\\src\\pages\\adminUsers\\index.jsx","statementMap":{"0":{"start":{"line":7,"column":19},"end":{"line":88,"column":1}},"1":{"start":{"line":8,"column":30},"end":{"line":8,"column":42}},"2":{"start":{"line":9,"column":46},"end":{"line":9,"column":58}},"3":{"start":{"line":10,"column":30},"end":{"line":10,"column":42}},"4":{"start":{"line":12,"column":4},"end":{"line":18,"column":11}},"5":{"start":{"line":13,"column":8},"end":{"line":17,"column":15}},"6":{"start":{"line":15,"column":16},"end":{"line":15,"column":32}},"7":{"start":{"line":16,"column":16},"end":{"line":16,"column":40}},"8":{"start":{"line":20,"column":4},"end":{"line":23,"column":23}},"9":{"start":{"line":21,"column":30},"end":{"line":21,"column":83}},"10":{"start":{"line":21,"column":51},"end":{"line":21,"column":82}},"11":{"start":{"line":22,"column":8},"end":{"line":22,"column":40}},"12":{"start":{"line":25,"column":4},"end":{"line":87,"column":6}},"13":{"start":{"line":43,"column":44},"end":{"line":43,"column":68}},"14":{"start":{"line":61,"column":32},"end":{"line":79,"column":37}},"15":{"start":{"line":75,"column":63},"end":{"line":75,"column":82}}},"fnMap":{"0":{"name":"(anonymous_0)","decl":{"start":{"line":7,"column":19},"end":{"line":7,"column":20}},"loc":{"start":{"line":7,"column":25},"end":{"line":88,"column":1}},"line":7},"1":{"name":"(anonymous_1)","decl":{"start":{"line":12,"column":14},"end":{"line":12,"column":15}},"loc":{"start":{"line":12,"column":20},"end":{"line":18,"column":5}},"line":12},"2":{"name":"(anonymous_2)","decl":{"start":{"line":14,"column":18},"end":{"line":14,"column":19}},"loc":{"start":{"line":14,"column":27},"end":{"line":17,"column":13}},"line":14},"3":{"name":"(anonymous_3)","decl":{"start":{"line":20,"column":14},"end":{"line":20,"column":15}},"loc":{"start":{"line":20,"column":20},"end":{"line":23,"column":5}},"line":20},"4":{"name":"(anonymous_4)","decl":{"start":{"line":21,"column":43},"end":{"line":21,"column":44}},"loc":{"start":{"line":21,"column":51},"end":{"line":21,"column":82}},"line":21},"5":{"name":"(anonymous_5)","decl":{"start":{"line":43,"column":37},"end":{"line":43,"column":38}},"loc":{"start":{"line":43,"column":44},"end":{"line":43,"column":68}},"line":43},"6":{"name":"(anonymous_6)","decl":{"start":{"line":60,"column":46},"end":{"line":60,"column":47}},"loc":{"start":{"line":61,"column":32},"end":{"line":79,"column":37}},"line":61},"7":{"name":"(anonymous_7)","decl":{"start":{"line":75,"column":57},"end":{"line":75,"column":58}},"loc":{"start":{"line":75,"column":63},"end":{"line":75,"column":82}},"line":75}},"branchMap":{},"s":{"0":1,"1":6,"2":6,"3":6,"4":6,"5":2,"6":2,"7":2,"8":6,"9":4,"10":4,"11":4,"12":6,"13":0,"14":4,"15":0},"f":{"0":6,"1":2,"2":2,"3":4,"4":4,"5":0,"6":4,"7":0},"b":{},"_coverageSchema":"1a1c01bbd47fc00a2c39e90264f33305004495a9","hash":"95cde518b7f4c92009bd56f5d26c6ec63496a6a3"}
,"C:\\Users\\10\\Desktop\\lab5web\\src\\pages\\adminUsers\\api\\deleteUser.js": {"path":"C:\\Users\\10\\Desktop\\lab5web\\src\\pages\\adminUsers\\api\\deleteUser.js","statementMap":{"0":{"start":{"line":1,"column":26},"end":{"line":15,"column":1}},"1":{"start":{"line":2,"column":4},"end":{"line":14,"column":5}},"2":{"start":{"line":3,"column":25},"end":{"line":10,"column":10}},"3":{"start":{"line":13,"column":8},"end":{"line":13,"column":23}}},"fnMap":{"0":{"name":"(anonymous_0)","decl":{"start":{"line":1,"column":26},"end":{"line":1,"column":27}},"loc":{"start":{"line":1,"column":40},"end":{"line":15,"column":1}},"line":1}},"branchMap":{},"s":{"0":2,"1":2,"2":2,"3":1},"f":{"0":2},"b":{},"_coverageSchema":"1a1c01bbd47fc00a2c39e90264f33305004495a9","hash":"1499000157b7fa6a6166d5dca96364006d293347"}
,"C:\\Users\\10\\Desktop\\lab5web\\src\\pages\\adminUsers\\api\\getUsers.js": {"path":"C:\\Users\\10\\Desktop\\lab5web\\src\\pages\\adminUsers\\api\\getUsers.js","statementMap":{"0":{"start":{"line":1,"column":24},"end":{"line":10,"column":1}},"1":{"start":{"line":2,"column":21},"end":{"line":8,"column":6}},"2":{"start":{"line":9,"column":4},"end":{"line":9,"column":27}}},"fnMap":{"0":{"name":"(anonymous_0)","decl":{"start":{"line":1,"column":24},"end":{"line":1,"column":25}},"loc":{"start":{"line":1,"column":36},"end":{"line":10,"column":1}},"line":1}},"branchMap":{},"s":{"0":2,"1":1,"2":1},"f":{"0":1},"b":{},"_coverageSchema":"1a1c01bbd47fc00a2c39e90264f33305004495a9","hash":"5be2357cde5b0ac33adadf2636e63877424dea31"}
,"C:\\Users\\10\\Desktop\\lab5web\\src\\pages\\calendar\\index.jsx": {"path":"C:\\Users\\10\\Desktop\\lab5web\\src\\pages\\calendar\\index.jsx","statementMap":{"0":{"start":{"line":12,"column":13},"end":{"line":12,"column":15}},"1":{"start":{"line":13,"column":0},"end":{"line":15,"column":1}},"2":{"start":{"line":13,"column":13},"end":{"line":13,"column":14}},"3":{"start":{"line":14,"column":4},"end":{"line":14,"column":17}},"4":{"start":{"line":17,"column":17},"end":{"line":134,"column":1}},"5":{"start":{"line":18,"column":19},"end":{"line":18,"column":30}},"6":{"start":{"line":19,"column":32},"end":{"line":19,"column":44}},"7":{"start":{"line":20,"column":36},"end":{"line":20,"column":50}},"8":{"start":{"line":21,"column":38},"end":{"line":21,"column":50}},"9":{"start":{"line":23,"column":4},"end":{"line":37,"column":13}},"10":{"start":{"line":24,"column":8},"end":{"line":36,"column":29}},"11":{"start":{"line":26,"column":16},"end":{"line":34,"column":23}},"12":{"start":{"line":26,"column":46},"end":{"line":26,"column":71}},"13":{"start":{"line":28,"column":47},"end":{"line":28,"column":52}},"14":{"start":{"line":29,"column":36},"end":{"line":29,"column":66}},"15":{"start":{"line":30,"column":24},"end":{"line":33,"column":26}},"16":{"start":{"line":39,"column":4},"end":{"line":42,"column":13}},"17":{"start":{"line":40,"column":8},"end":{"line":41,"column":31}},"18":{"start":{"line":44,"column":4},"end":{"line":54,"column":11}},"19":{"start":{"line":45,"column":28},"end":{"line":45,"column":65}},"20":{"start":{"line":46,"column":8},"end":{"line":53,"column":15}},"21":{"start":{"line":48,"column":52},"end":{"line":48,"column":59}},"22":{"start":{"line":49,"column":41},"end":{"line":49,"column":96}},"23":{"start":{"line":49,"column":67},"end":{"line":49,"column":95}},"24":{"start":{"line":50,"column":52},"end":{"line":50,"column":149}},"25":{"start":{"line":50,"column":81},"end":{"line":50,"column":148}},"26":{"start":{"line":50,"column":113},"end":{"line":50,"column":147}},"27":{"start":{"line":51,"column":48},"end":{"line":51,"column":108}},"28":{"start":{"line":51,"column":77},"end":{"line":51,"column":107}},"29":{"start":{"line":52,"column":16},"end":{"line":52,"column":91}},"30":{"start":{"line":55,"column":4},"end":{"line":133,"column":6}},"31":{"start":{"line":71,"column":40},"end":{"line":73,"column":47}},"32":{"start":{"line":108,"column":28},"end":{"line":127,"column":34}},"33":{"start":{"line":119,"column":63},"end":{"line":119,"column":78}},"34":{"start":{"line":121,"column":48},"end":{"line":123,"column":54}}},"fnMap":{"0":{"name":"(anonymous_0)","decl":{"start":{"line":17,"column":17},"end":{"line":17,"column":18}},"loc":{"start":{"line":17,"column":23},"end":{"line":134,"column":1}},"line":17},"1":{"name":"(anonymous_1)","decl":{"start":{"line":23,"column":14},"end":{"line":23,"column":15}},"loc":{"start":{"line":23,"column":20},"end":{"line":37,"column":5}},"line":23},"2":{"name":"(anonymous_2)","decl":{"start":{"line":25,"column":18},"end":{"line":25,"column":19}},"loc":{"start":{"line":25,"column":28},"end":{"line":35,"column":13}},"line":25},"3":{"name":"(anonymous_3)","decl":{"start":{"line":26,"column":37},"end":{"line":26,"column":38}},"loc":{"start":{"line":26,"column":46},"end":{"line":26,"column":71}},"line":26},"4":{"name":"(anonymous_4)","decl":{"start":{"line":27,"column":25},"end":{"line":27,"column":26}},"loc":{"start":{"line":27,"column":34},"end":{"line":34,"column":21}},"line":27},"5":{"name":"(anonymous_5)","decl":{"start":{"line":39,"column":14},"end":{"line":39,"column":15}},"loc":{"start":{"line":39,"column":20},"end":{"line":42,"column":5}},"line":39},"6":{"name":"(anonymous_6)","decl":{"start":{"line":44,"column":14},"end":{"line":44,"column":15}},"loc":{"start":{"line":44,"column":20},"end":{"line":54,"column":5}},"line":44},"7":{"name":"(anonymous_7)","decl":{"start":{"line":47,"column":18},"end":{"line":47,"column":19}},"loc":{"start":{"line":47,"column":29},"end":{"line":53,"column":13}},"line":47},"8":{"name":"(anonymous_8)","decl":{"start":{"line":49,"column":57},"end":{"line":49,"column":58}},"loc":{"start":{"line":49,"column":67},"end":{"line":49,"column":95}},"line":49},"9":{"name":"(anonymous_9)","decl":{"start":{"line":50,"column":69},"end":{"line":50,"column":70}},"loc":{"start":{"line":50,"column":81},"end":{"line":50,"column":148}},"line":50},"10":{"name":"(anonymous_10)","decl":{"start":{"line":50,"column":103},"end":{"line":50,"column":104}},"loc":{"start":{"line":50,"column":113},"end":{"line":50,"column":147}},"line":50},"11":{"name":"(anonymous_11)","decl":{"start":{"line":51,"column":65},"end":{"line":51,"column":66}},"loc":{"start":{"line":51,"column":77},"end":{"line":51,"column":107}},"line":51},"12":{"name":"(anonymous_12)","decl":{"start":{"line":70,"column":50},"end":{"line":70,"column":51}},"loc":{"start":{"line":71,"column":40},"end":{"line":73,"column":47}},"line":71},"13":{"name":"(anonymous_13)","decl":{"start":{"line":107,"column":33},"end":{"line":107,"column":34}},"loc":{"start":{"line":108,"column":28},"end":{"line":127,"column":34}},"line":108},"14":{"name":"(anonymous_14)","decl":{"start":{"line":119,"column":54},"end":{"line":119,"column":55}},"loc":{"start":{"line":119,"column":63},"end":{"line":119,"column":78}},"line":119},"15":{"name":"(anonymous_15)","decl":{"start":{"line":120,"column":49},"end":{"line":120,"column":50}},"loc":{"start":{"line":121,"column":48},"end":{"line":123,"column":54}},"line":121}},"branchMap":{},"s":{"0":0,"1":0,"2":0,"3":0,"4":0,"5":0,"6":0,"7":0,"8":0,"9":0,"10":0,"11":0,"12":0,"13":0,"14":0,"15":0,"16":0,"17":0,"18":0,"19":0,"20":0,"21":0,"22":0,"23":0,"24":0,"25":0,"26":0,"27":0,"28":0,"29":0,"30":0,"31":0,"32":0,"33":0,"34":0},"f":{"0":0,"1":0,"2":0,"3":0,"4":0,"5":0,"6":0,"7":0,"8":0,"9":0,"10":0,"11":0,"12":0,"13":0,"14":0,"15":0},"b":{}}
,"C:\\Users\\10\\Desktop\\lab5web\\src\\pages\\calendar\\api\\getEvents.js": {"path":"C:\\Users\\10\\Desktop\\lab5web\\src\\pages\\calendar\\api\\getEvents.js","statementMap":{"0":{"start":{"line":1,"column":25},"end":{"line":10,"column":1}},"1":{"start":{"line":2,"column":21},"end":{"line":8,"column":6}},"2":{"start":{"line":9,"column":4},"end":{"line":9,"column":27}}},"fnMap":{"0":{"name":"(anonymous_0)","decl":{"start":{"line":1,"column":25},"end":{"line":1,"column":26}},"loc":{"start":{"line":1,"column":37},"end":{"line":10,"column":1}},"line":1}},"branchMap":{},"s":{"0":2,"1":2,"2":2},"f":{"0":2},"b":{},"_coverageSchema":"1a1c01bbd47fc00a2c39e90264f33305004495a9","hash":"05cf23da1de2b6da5695b4ed92d2809f3ee0ed21"}
,"C:\\Users\\10\\Desktop\\lab5web\\src\\pages\\calendarAccess\\index.jsx": {"path":"C:\\Users\\10\\Desktop\\lab5web\\src\\pages\\calendarAccess\\index.jsx","statementMap":{"0":{"start":{"line":8,"column":23},"end":{"line":64,"column":1}},"1":{"start":{"line":9,"column":19},"end":{"line":9,"column":30}},"2":{"start":{"line":10,"column":36},"end":{"line":10,"column":50}},"3":{"start":{"line":11,"column":36},"end":{"line":11,"column":48}},"4":{"start":{"line":12,"column":4},"end":{"line":12,"column":26}},"5":{"start":{"line":13,"column":4},"end":{"line":18,"column":11}},"6":{"start":{"line":14,"column":8},"end":{"line":17,"column":15}},"7":{"start":{"line":16,"column":16},"end":{"line":16,"column":38}},"8":{"start":{"line":20,"column":4},"end":{"line":25,"column":11}},"9":{"start":{"line":21,"column":8},"end":{"line":24,"column":15}},"10":{"start":{"line":23,"column":16},"end":{"line":23,"column":39}},"11":{"start":{"line":27,"column":4},"end":{"line":63,"column":6}},"12":{"start":{"line":50,"column":54},"end":{"line":50,"column":80}},"13":{"start":{"line":52,"column":36},"end":{"line":55,"column":41}}},"fnMap":{"0":{"name":"(anonymous_0)","decl":{"start":{"line":8,"column":23},"end":{"line":8,"column":24}},"loc":{"start":{"line":8,"column":29},"end":{"line":64,"column":1}},"line":8},"1":{"name":"(anonymous_1)","decl":{"start":{"line":13,"column":14},"end":{"line":13,"column":15}},"loc":{"start":{"line":13,"column":20},"end":{"line":18,"column":5}},"line":13},"2":{"name":"(anonymous_2)","decl":{"start":{"line":15,"column":18},"end":{"line":15,"column":19}},"loc":{"start":{"line":15,"column":30},"end":{"line":17,"column":13}},"line":15},"3":{"name":"(anonymous_3)","decl":{"start":{"line":20,"column":14},"end":{"line":20,"column":15}},"loc":{"start":{"line":20,"column":20},"end":{"line":25,"column":5}},"line":20},"4":{"name":"(anonymous_4)","decl":{"start":{"line":22,"column":18},"end":{"line":22,"column":19}},"loc":{"start":{"line":22,"column":31},"end":{"line":24,"column":13}},"line":22},"5":{"name":"(anonymous_5)","decl":{"start":{"line":50,"column":44},"end":{"line":50,"column":45}},"loc":{"start":{"line":50,"column":54},"end":{"line":50,"column":80}},"line":50},"6":{"name":"(anonymous_6)","decl":{"start":{"line":51,"column":37},"end":{"line":51,"column":38}},"loc":{"start":{"line":52,"column":36},"end":{"line":55,"column":41}},"line":52}},"branchMap":{},"s":{"0":1,"1":5,"2":5,"3":4,"4":4,"5":4,"6":2,"7":2,"8":4,"9":2,"10":2,"11":4,"12":4,"13":4},"f":{"0":5,"1":2,"2":2,"3":2,"4":2,"5":4,"6":4},"b":{},"_coverageSchema":"1a1c01bbd47fc00a2c39e90264f33305004495a9","hash":"fa5bac7c984d4375f65edfbcc5fe79e8b803b1ef"}
,"C:\\Users\\10\\Desktop\\lab5web\\src\\pages\\calendarAccess\\api\\getCalendarById.js": {"path":"C:\\Users\\10\\Desktop\\lab5web\\src\\pages\\calendarAccess\\api\\getCalendarById.js","statementMap":{"0":{"start":{"line":1,"column":31},"end":{"line":14,"column":1}},"1":{"start":{"line":2,"column":4},"end":{"line":13,"column":5}},"2":{"start":{"line":3,"column":25},"end":{"line":9,"column":10}},"3":{"start":{"line":10,"column":8},"end":{"line":10,"column":31}},"4":{"start":{"line":12,"column":8},"end":{"line":12,"column":23}}},"fnMap":{"0":{"name":"(anonymous_0)","decl":{"start":{"line":1,"column":31},"end":{"line":1,"column":32}},"loc":{"start":{"line":1,"column":45},"end":{"line":14,"column":1}},"line":1}},"branchMap":{},"s":{"0":1,"1":1,"2":1,"3":1,"4":0},"f":{"0":1},"b":{},"_coverageSchema":"1a1c01bbd47fc00a2c39e90264f33305004495a9","hash":"8d4bc14cf43c874660a81ce6d0e45ba80553c570"}
,"C:\\Users\\10\\Desktop\\lab5web\\src\\pages\\calendarAccess\\api\\userCalendarAccess.js": {"path":"C:\\Users\\10\\Desktop\\lab5web\\src\\pages\\calendarAccess\\api\\userCalendarAccess.js","statementMap":{"0":{"start":{"line":1,"column":27},"end":{"line":10,"column":1}},"1":{"start":{"line":2,"column":21},"end":{"line":8,"column":6}},"2":{"start":{"line":9,"column":4},"end":{"line":9,"column":27}}},"fnMap":{"0":{"name":"(anonymous_0)","decl":{"start":{"line":1,"column":27},"end":{"line":1,"column":28}},"loc":{"start":{"line":1,"column":39},"end":{"line":10,"column":1}},"line":1}},"branchMap":{},"s":{"0":1,"1":1,"2":1},"f":{"0":1},"b":{},"_coverageSchema":"1a1c01bbd47fc00a2c39e90264f33305004495a9","hash":"64a4b2ebdd6563ebc77cbbba05c8d872ff09c69b"}
,"C:\\Users\\10\\Desktop\\lab5web\\src\\pages\\createCalendar\\index.jsx": {"path":"C:\\Users\\10\\Desktop\\lab5web\\src\\pages\\createCalendar\\index.jsx","statementMap":{"0":{"start":{"line":5,"column":23},"end":{"line":42,"column":1}},"1":{"start":{"line":7,"column":36},"end":{"line":10,"column":6}},"2":{"start":{"line":11,"column":25},"end":{"line":13,"column":5}},"3":{"start":{"line":12,"column":8},"end":{"line":12,"column":72}},"4":{"start":{"line":12,"column":29},"end":{"line":12,"column":70}},"5":{"start":{"line":14,"column":25},"end":{"line":18,"column":5}},"6":{"start":{"line":15,"column":8},"end":{"line":15,"column":26}},"7":{"start":{"line":16,"column":25},"end":{"line":16,"column":55}},"8":{"start":{"line":17,"column":8},"end":{"line":17,"column":29}},"9":{"start":{"line":19,"column":4},"end":{"line":41,"column":6}}},"fnMap":{"0":{"name":"(anonymous_0)","decl":{"start":{"line":5,"column":23},"end":{"line":5,"column":24}},"loc":{"start":{"line":5,"column":29},"end":{"line":42,"column":1}},"line":5},"1":{"name":"(anonymous_1)","decl":{"start":{"line":11,"column":25},"end":{"line":11,"column":26}},"loc":{"start":{"line":11,"column":32},"end":{"line":13,"column":5}},"line":11},"2":{"name":"(anonymous_2)","decl":{"start":{"line":12,"column":20},"end":{"line":12,"column":21}},"loc":{"start":{"line":12,"column":29},"end":{"line":12,"column":70}},"line":12},"3":{"name":"(anonymous_3)","decl":{"start":{"line":14,"column":25},"end":{"line":14,"column":26}},"loc":{"start":{"line":14,"column":37},"end":{"line":18,"column":5}},"line":14}},"branchMap":{},"s":{"0":1,"1":4,"2":3,"3":2,"4":2,"5":3,"6":1,"7":1,"8":1,"9":3},"f":{"0":4,"1":2,"2":2,"3":1},"b":{},"_coverageSchema":"1a1c01bbd47fc00a2c39e90264f33305004495a9","hash":"da607096251bd59390f561e470406d205999d2aa"}
,"C:\\Users\\10\\Desktop\\lab5web\\src\\pages\\createCalendar\\api\\createCalendar.js": {"path":"C:\\Users\\10\\Desktop\\lab5web\\src\\pages\\createCalendar\\api\\createCalendar.js","statementMap":{"0":{"start":{"line":1,"column":30},"end":{"line":17,"column":1}},"1":{"start":{"line":2,"column":4},"end":{"line":16,"column":5}},"2":{"start":{"line":3,"column":25},"end":{"line":11,"column":10}},"3":{"start":{"line":12,"column":23},"end":{"line":12,"column":44}},"4":{"start":{"line":13,"column":8},"end":{"line":13,"column":22}},"5":{"start":{"line":15,"column":8},"end":{"line":15,"column":23}}},"fnMap":{"0":{"name":"(anonymous_0)","decl":{"start":{"line":1,"column":30},"end":{"line":1,"column":31}},"loc":{"start":{"line":1,"column":50},"end":{"line":17,"column":1}},"line":1}},"branchMap":{},"s":{"0":2,"1":3,"2":3,"3":2,"4":2,"5":1},"f":{"0":3},"b":{},"_coverageSchema":"1a1c01bbd47fc00a2c39e90264f33305004495a9","hash":"31ca1503b083886a501cbead6f5800fa5918c923"}
,"C:\\Users\\10\\Desktop\\lab5web\\src\\pages\\createCategory\\index.jsx": {"path":"C:\\Users\\10\\Desktop\\lab5web\\src\\pages\\createCategory\\index.jsx","statementMap":{"0":{"start":{"line":5,"column":23},"end":{"line":32,"column":1}},"1":{"start":{"line":6,"column":36},"end":{"line":8,"column":6}},"2":{"start":{"line":9,"column":25},"end":{"line":11,"column":5}},"3":{"start":{"line":10,"column":8},"end":{"line":10,"column":72}},"4":{"start":{"line":10,"column":29},"end":{"line":10,"column":70}},"5":{"start":{"line":12,"column":25},"end":{"line":16,"column":5}},"6":{"start":{"line":13,"column":8},"end":{"line":13,"column":26}},"7":{"start":{"line":14,"column":25},"end":{"line":14,"column":55}},"8":{"start":{"line":15,"column":8},"end":{"line":15,"column":29}},"9":{"start":{"line":17,"column":4},"end":{"line":31,"column":6}}},"fnMap":{"0":{"name":"(anonymous_0)","decl":{"start":{"line":5,"column":23},"end":{"line":5,"column":24}},"loc":{"start":{"line":5,"column":29},"end":{"line":32,"column":1}},"line":5},"1":{"name":"(anonymous_1)","decl":{"start":{"line":9,"column":25},"end":{"line":9,"column":26}},"loc":{"start":{"line":9,"column":32},"end":{"line":11,"column":5}},"line":9},"2":{"name":"(anonymous_2)","decl":{"start":{"line":10,"column":20},"end":{"line":10,"column":21}},"loc":{"start":{"line":10,"column":29},"end":{"line":10,"column":70}},"line":10},"3":{"name":"(anonymous_3)","decl":{"start":{"line":12,"column":25},"end":{"line":12,"column":26}},"loc":{"start":{"line":12,"column":37},"end":{"line":16,"column":5}},"line":12}},"branchMap":{},"s":{"0":1,"1":2,"2":2,"3":1,"4":1,"5":2,"6":1,"7":1,"8":1,"9":2},"f":{"0":2,"1":1,"2":1,"3":1},"b":{},"_coverageSchema":"1a1c01bbd47fc00a2c39e90264f33305004495a9","hash":"bd25817d4af7c8b6a5de04047ddb178cb0fe8823"}
,"C:\\Users\\10\\Desktop\\lab5web\\src\\pages\\createCategory\\api\\createCategory.js": {"path":"C:\\Users\\10\\Desktop\\lab5web\\src\\pages\\createCategory\\api\\createCategory.js","statementMap":{"0":{"start":{"line":1,"column":30},"end":{"line":17,"column":1}},"1":{"start":{"line":2,"column":4},"end":{"line":16,"column":5}},"2":{"start":{"line":3,"column":25},"end":{"line":11,"column":10}},"3":{"start":{"line":12,"column":23},"end":{"line":12,"column":44}},"4":{"start":{"line":13,"column":8},"end":{"line":13,"column":22}},"5":{"start":{"line":15,"column":8},"end":{"line":15,"column":23}}},"fnMap":{"0":{"name":"(anonymous_0)","decl":{"start":{"line":1,"column":30},"end":{"line":1,"column":31}},"loc":{"start":{"line":1,"column":50},"end":{"line":17,"column":1}},"line":1}},"branchMap":{},"s":{"0":2,"1":2,"2":2,"3":1,"4":1,"5":1},"f":{"0":2},"b":{},"_coverageSchema":"1a1c01bbd47fc00a2c39e90264f33305004495a9","hash":"791df7f22c6a2bf6706a1f955abc8ef2dd0dec5d"}
,"C:\\Users\\10\\Desktop\\lab5web\\src\\pages\\createEvent\\index.jsx": {"path":"C:\\Users\\10\\Desktop\\lab5web\\src\\pages\\createEvent\\index.jsx","statementMap":{"0":{"start":{"line":7,"column":20},"end":{"line":90,"column":1}},"1":{"start":{"line":8,"column":17},"end":{"line":8,"column":28}},"2":{"start":{"line":9,"column":40},"end":{"line":9,"column":52}},"3":{"start":{"line":10,"column":30},"end":{"line":15,"column":6}},"4":{"start":{"line":16,"column":25},"end":{"line":18,"column":5}},"5":{"start":{"line":17,"column":8},"end":{"line":17,"column":69}},"6":{"start":{"line":17,"column":26},"end":{"line":17,"column":67}},"7":{"start":{"line":20,"column":25},"end":{"line":42,"column":5}},"8":{"start":{"line":21,"column":8},"end":{"line":21,"column":27}},"9":{"start":{"line":22,"column":28},"end":{"line":22,"column":38}},"10":{"start":{"line":24,"column":21},"end":{"line":24,"column":46}},"11":{"start":{"line":25,"column":22},"end":{"line":25,"column":48}},"12":{"start":{"line":26,"column":20},"end":{"line":26,"column":41}},"13":{"start":{"line":27,"column":22},"end":{"line":27,"column":44}},"14":{"start":{"line":28,"column":24},"end":{"line":28,"column":48}},"15":{"start":{"line":29,"column":24},"end":{"line":29,"column":48}},"16":{"start":{"line":32,"column":30},"end":{"line":32,"column":86}},"17":{"start":{"line":33,"column":26},"end":{"line":37,"column":9}},"18":{"start":{"line":40,"column":25},"end":{"line":40,"column":57}},"19":{"start":{"line":41,"column":8},"end":{"line":41,"column":30}},"20":{"start":{"line":43,"column":4},"end":{"line":43,"column":27}},"21":{"start":{"line":44,"column":4},"end":{"line":47,"column":10}},"22":{"start":{"line":45,"column":8},"end":{"line":45,"column":43}},"23":{"start":{"line":48,"column":4},"end":{"line":89,"column":6}},"24":{"start":{"line":73,"column":32},"end":{"line":73,"column":103}}},"fnMap":{"0":{"name":"(anonymous_0)","decl":{"start":{"line":7,"column":20},"end":{"line":7,"column":21}},"loc":{"start":{"line":7,"column":26},"end":{"line":90,"column":1}},"line":7},"1":{"name":"(anonymous_1)","decl":{"start":{"line":16,"column":25},"end":{"line":16,"column":26}},"loc":{"start":{"line":16,"column":32},"end":{"line":18,"column":5}},"line":16},"2":{"name":"(anonymous_2)","decl":{"start":{"line":17,"column":17},"end":{"line":17,"column":18}},"loc":{"start":{"line":17,"column":26},"end":{"line":17,"column":67}},"line":17},"3":{"name":"(anonymous_3)","decl":{"start":{"line":20,"column":25},"end":{"line":20,"column":26}},"loc":{"start":{"line":20,"column":38},"end":{"line":42,"column":5}},"line":20},"4":{"name":"(anonymous_4)","decl":{"start":{"line":44,"column":14},"end":{"line":44,"column":15}},"loc":{"start":{"line":44,"column":20},"end":{"line":47,"column":5}},"line":44},"5":{"name":"(anonymous_5)","decl":{"start":{"line":72,"column":43},"end":{"line":72,"column":44}},"loc":{"start":{"line":73,"column":32},"end":{"line":73,"column":103}},"line":73}},"branchMap":{},"s":{"0":1,"1":6,"2":5,"3":5,"4":5,"5":4,"6":4,"7":5,"8":1,"9":1,"10":1,"11":1,"12":1,"13":1,"14":1,"15":1,"16":1,"17":1,"18":1,"19":1,"20":5,"21":5,"22":1,"23":5,"24":0},"f":{"0":6,"1":4,"2":4,"3":1,"4":1,"5":0},"b":{},"_coverageSchema":"1a1c01bbd47fc00a2c39e90264f33305004495a9","hash":"eb746ca80eb37d9cf9af788414763f9bcf6aa563"}
,"C:\\Users\\10\\Desktop\\lab5web\\src\\pages\\createEvent\\api\\createEvent.js": {"path":"C:\\Users\\10\\Desktop\\lab5web\\src\\pages\\createEvent\\api\\createEvent.js","statementMap":{"0":{"start":{"line":1,"column":27},"end":{"line":17,"column":1}},"1":{"start":{"line":2,"column":4},"end":{"line":16,"column":5}},"2":{"start":{"line":3,"column":25},"end":{"line":11,"column":10}},"3":{"start":{"line":12,"column":23},"end":{"line":12,"column":44}},"4":{"start":{"line":13,"column":8},"end":{"line":13,"column":22}},"5":{"start":{"line":15,"column":8},"end":{"line":15,"column":23}}},"fnMap":{"0":{"name":"(anonymous_0)","decl":{"start":{"line":1,"column":27},"end":{"line":1,"column":28}},"loc":{"start":{"line":1,"column":48},"end":{"line":17,"column":1}},"line":1}},"branchMap":{},"s":{"0":1,"1":2,"2":2,"3":1,"4":1,"5":1},"f":{"0":2},"b":{},"_coverageSchema":"1a1c01bbd47fc00a2c39e90264f33305004495a9","hash":"5311e9da39464c013e8416a5de04aee8274c98a7"}
,"C:\\Users\\10\\Desktop\\lab5web\\src\\pages\\login\\index.jsx": {"path":"C:\\Users\\10\\Desktop\\lab5web\\src\\pages\\login\\index.jsx","statementMap":{"0":{"start":{"line":7,"column":18},"end":{"line":63,"column":1}},"1":{"start":{"line":9,"column":21},"end":{"line":9,"column":34}},"2":{"start":{"line":10,"column":28},"end":{"line":13,"column":6}},"3":{"start":{"line":15,"column":25},"end":{"line":20,"column":5}},"4":{"start":{"line":16,"column":8},"end":{"line":19,"column":12}},"5":{"start":{"line":16,"column":25},"end":{"line":19,"column":9}},"6":{"start":{"line":22,"column":25},"end":{"line":41,"column":5}},"7":{"start":{"line":23,"column":8},"end":{"line":23,"column":27}},"8":{"start":{"line":24,"column":28},"end":{"line":24,"column":63}},"9":{"start":{"line":25,"column":35},"end":{"line":25,"column":52}},"10":{"start":{"line":27,"column":8},"end":{"line":40,"column":9}},"11":{"start":{"line":28,"column":31},"end":{"line":28,"column":73}},"12":{"start":{"line":29,"column":12},"end":{"line":29,"column":81}},"13":{"start":{"line":30,"column":12},"end":{"line":30,"column":30}},"14":{"start":{"line":32,"column":12},"end":{"line":36,"column":13}},"15":{"start":{"line":33,"column":16},"end":{"line":33,"column":34}},"16":{"start":{"line":35,"column":16},"end":{"line":35,"column":38}},"17":{"start":{"line":39,"column":12},"end":{"line":39,"column":44}},"18":{"start":{"line":43,"column":4},"end":{"line":62,"column":6}}},"fnMap":{"0":{"name":"(anonymous_0)","decl":{"start":{"line":7,"column":18},"end":{"line":7,"column":19}},"loc":{"start":{"line":7,"column":24},"end":{"line":63,"column":1}},"line":7},"1":{"name":"(anonymous_1)","decl":{"start":{"line":15,"column":25},"end":{"line":15,"column":26}},"loc":{"start":{"line":15,"column":32},"end":{"line":20,"column":5}},"line":15},"2":{"name":"(anonymous_2)","decl":{"start":{"line":16,"column":16},"end":{"line":16,"column":17}},"loc":{"start":{"line":16,"column":25},"end":{"line":19,"column":9}},"line":16},"3":{"name":"(anonymous_3)","decl":{"start":{"line":22,"column":25},"end":{"line":22,"column":26}},"loc":{"start":{"line":22,"column":38},"end":{"line":41,"column":5}},"line":22}},"branchMap":{"0":{"loc":{"start":{"line":32,"column":12},"end":{"line":36,"column":13}},"type":"if","locations":[{"start":{"line":32,"column":12},"end":{"line":36,"column":13}},{"start":{"line":34,"column":19},"end":{"line":36,"column":13}}],"line":32}},"s":{"0":1,"1":10,"2":10,"3":10,"4":6,"5":6,"6":10,"7":2,"8":2,"9":2,"10":2,"11":2,"12":1,"13":1,"14":1,"15":1,"16":0,"17":1,"18":10},"f":{"0":10,"1":6,"2":6,"3":2},"b":{"0":[1,0]},"_coverageSchema":"1a1c01bbd47fc00a2c39e90264f33305004495a9","hash":"16fcf02f056919f71f2cd42a122378f9c1f802bf"}
,"C:\\Users\\10\\Desktop\\lab5web\\src\\pages\\login\\api\\getUsers.js": {"path":"C:\\Users\\10\\Desktop\\lab5web\\src\\pages\\login\\api\\getUsers.js","statementMap":{"0":{"start":{"line":1,"column":24},"end":{"line":9,"column":1}},"1":{"start":{"line":2,"column":4},"end":{"line":8,"column":5}},"2":{"start":{"line":3,"column":25},"end":{"line":3,"column":67}},"3":{"start":{"line":4,"column":8},"end":{"line":4,"column":37}},"4":{"start":{"line":7,"column":8},"end":{"line":7,"column":23}}},"fnMap":{"0":{"name":"(anonymous_0)","decl":{"start":{"line":1,"column":24},"end":{"line":1,"column":25}},"loc":{"start":{"line":1,"column":36},"end":{"line":9,"column":1}},"line":1}},"branchMap":{},"s":{"0":1,"1":2,"2":2,"3":1,"4":1},"f":{"0":2},"b":{},"_coverageSchema":"1a1c01bbd47fc00a2c39e90264f33305004495a9","hash":"7bf60a39be2a7633ef41dda93d3c621e6577d206"}
,"C:\\Users\\10\\Desktop\\lab5web\\src\\pages\\login\\api\\login.js": {"path":"C:\\Users\\10\\Desktop\\lab5web\\src\\pages\\login\\api\\login.js","statementMap":{"0":{"start":{"line":1,"column":21},"end":{"line":13,"column":1}},"1":{"start":{"line":2,"column":19},"end":{"line":8,"column":5}},"2":{"start":{"line":10,"column":21},"end":{"line":10,"column":76}},"3":{"start":{"line":11,"column":19},"end":{"line":11,"column":40}},"4":{"start":{"line":12,"column":4},"end":{"line":12,"column":18}}},"fnMap":{"0":{"name":"(anonymous_0)","decl":{"start":{"line":1,"column":21},"end":{"line":1,"column":22}},"loc":{"start":{"line":1,"column":51},"end":{"line":13,"column":1}},"line":1}},"branchMap":{},"s":{"0":5,"1":2,"2":2,"3":1,"4":1},"f":{"0":2},"b":{},"_coverageSchema":"1a1c01bbd47fc00a2c39e90264f33305004495a9","hash":"229f9046e475fcd71a56e6d9f6f314de5ab4985f"}
,"C:\\Users\\10\\Desktop\\lab5web\\src\\pages\\register\\index.jsx": {"path":"C:\\Users\\10\\Desktop\\lab5web\\src\\pages\\register\\index.jsx","statementMap":{"0":{"start":{"line":6,"column":21},"end":{"line":74,"column":1}},"1":{"start":{"line":7,"column":31},"end":{"line":7,"column":47}},"2":{"start":{"line":9,"column":28},"end":{"line":17,"column":6}},"3":{"start":{"line":19,"column":25},"end":{"line":21,"column":5}},"4":{"start":{"line":20,"column":8},"end":{"line":20,"column":71}},"5":{"start":{"line":20,"column":25},"end":{"line":20,"column":69}},"6":{"start":{"line":23,"column":25},"end":{"line":26,"column":5}},"7":{"start":{"line":24,"column":8},"end":{"line":24,"column":26}},"8":{"start":{"line":25,"column":8},"end":{"line":25,"column":36}},"9":{"start":{"line":28,"column":4},"end":{"line":73,"column":6}}},"fnMap":{"0":{"name":"(anonymous_0)","decl":{"start":{"line":6,"column":21},"end":{"line":6,"column":22}},"loc":{"start":{"line":6,"column":27},"end":{"line":74,"column":1}},"line":6},"1":{"name":"(anonymous_1)","decl":{"start":{"line":19,"column":25},"end":{"line":19,"column":26}},"loc":{"start":{"line":19,"column":32},"end":{"line":21,"column":5}},"line":19},"2":{"name":"(anonymous_2)","decl":{"start":{"line":20,"column":16},"end":{"line":20,"column":17}},"loc":{"start":{"line":20,"column":25},"end":{"line":20,"column":69}},"line":20},"3":{"name":"(anonymous_3)","decl":{"start":{"line":23,"column":25},"end":{"line":23,"column":26}},"loc":{"start":{"line":23,"column":32},"end":{"line":26,"column":5}},"line":23}},"branchMap":{},"s":{"0":1,"1":17,"2":17,"3":17,"4":14,"5":14,"6":17,"7":1,"8":1,"9":17},"f":{"0":17,"1":14,"2":14,"3":1},"b":{},"_coverageSchema":"1a1c01bbd47fc00a2c39e90264f33305004495a9","hash":"ffe88e262b0f97f4b561a183d81b21943b45c93b"}
,"C:\\Users\\10\\Desktop\\lab5web\\src\\pages\\register\\api\\register.js": {"path":"C:\\Users\\10\\Desktop\\lab5web\\src\\pages\\register\\api\\register.js","statementMap":{"0":{"start":{"line":1,"column":24},"end":{"line":10,"column":1}},"1":{"start":{"line":2,"column":21},"end":{"line":8,"column":6}},"2":{"start":{"line":9,"column":4},"end":{"line":9,"column":33}}},"fnMap":{"0":{"name":"(anonymous_0)","decl":{"start":{"line":1,"column":24},"end":{"line":1,"column":25}},"loc":{"start":{"line":1,"column":40},"end":{"line":10,"column":1}},"line":1}},"branchMap":{},"s":{"0":2,"1":2,"2":2},"f":{"0":2},"b":{},"_coverageSchema":"1a1c01bbd47fc00a2c39e90264f33305004495a9","hash":"4852b2baf5d63a6235aea3258c2d455636a85734"}
,"C:\\Users\\10\\Desktop\\lab5web\\src\\pages\\updateCalendar\\index.jsx": {"path":"C:\\Users\\10\\Desktop\\lab5web\\src\\pages\\updateCalendar\\index.jsx","statementMap":{"0":{"start":{"line":8,"column":23},"end":{"line":63,"column":1}},"1":{"start":{"line":9,"column":17},"end":{"line":9,"column":28}},"2":{"start":{"line":10,"column":36},"end":{"line":14,"column":6}},"3":{"start":{"line":15,"column":25},"end":{"line":17,"column":5}},"4":{"start":{"line":16,"column":8},"end":{"line":16,"column":72}},"5":{"start":{"line":16,"column":29},"end":{"line":16,"column":70}},"6":{"start":{"line":18,"column":25},"end":{"line":22,"column":5}},"7":{"start":{"line":19,"column":8},"end":{"line":19,"column":26}},"8":{"start":{"line":20,"column":25},"end":{"line":20,"column":59}},"9":{"start":{"line":21,"column":8},"end":{"line":21,"column":29}},"10":{"start":{"line":23,"column":4},"end":{"line":33,"column":10}},"11":{"start":{"line":24,"column":8},"end":{"line":32,"column":10}},"12":{"start":{"line":26,"column":12},"end":{"line":31,"column":15}},"13":{"start":{"line":26,"column":33},"end":{"line":31,"column":13}},"14":{"start":{"line":34,"column":4},"end":{"line":34,"column":25}},"15":{"start":{"line":35,"column":4},"end":{"line":62,"column":6}}},"fnMap":{"0":{"name":"(anonymous_0)","decl":{"start":{"line":8,"column":23},"end":{"line":8,"column":24}},"loc":{"start":{"line":8,"column":29},"end":{"line":63,"column":1}},"line":8},"1":{"name":"(anonymous_1)","decl":{"start":{"line":15,"column":25},"end":{"line":15,"column":26}},"loc":{"start":{"line":15,"column":32},"end":{"line":17,"column":5}},"line":15},"2":{"name":"(anonymous_2)","decl":{"start":{"line":16,"column":20},"end":{"line":16,"column":21}},"loc":{"start":{"line":16,"column":29},"end":{"line":16,"column":70}},"line":16},"3":{"name":"(anonymous_3)","decl":{"start":{"line":18,"column":25},"end":{"line":18,"column":26}},"loc":{"start":{"line":18,"column":37},"end":{"line":22,"column":5}},"line":18},"4":{"name":"(anonymous_4)","decl":{"start":{"line":23,"column":14},"end":{"line":23,"column":15}},"loc":{"start":{"line":23,"column":20},"end":{"line":33,"column":5}},"line":23},"5":{"name":"(anonymous_5)","decl":{"start":{"line":24,"column":33},"end":{"line":24,"column":34}},"loc":{"start":{"line":24,"column":45},"end":{"line":32,"column":9}},"line":24},"6":{"name":"(anonymous_6)","decl":{"start":{"line":26,"column":24},"end":{"line":26,"column":25}},"loc":{"start":{"line":26,"column":33},"end":{"line":31,"column":13}},"line":26}},"branchMap":{"0":{"loc":{"start":{"line":47,"column":61},"end":{"line":47,"column":85}},"type":"binary-expr","locations":[{"start":{"line":47,"column":61},"end":{"line":47,"column":81}},{"start":{"line":47,"column":83},"end":{"line":47,"column":85}}],"line":47}},"s":{"0":1,"1":4,"2":4,"3":4,"4":2,"5":3,"6":4,"7":1,"8":1,"9":1,"10":4,"11":1,"12":1,"13":1,"14":4,"15":4},"f":{"0":4,"1":2,"2":3,"3":1,"4":1,"5":1,"6":1},"b":{"0":[4,0]},"_coverageSchema":"1a1c01bbd47fc00a2c39e90264f33305004495a9","hash":"73456747b3cfced54443a22a1fc86f6f71a2e341"}
,"C:\\Users\\10\\Desktop\\lab5web\\src\\pages\\updateCalendar\\api\\getCalendarById.js": {"path":"C:\\Users\\10\\Desktop\\lab5web\\src\\pages\\updateCalendar\\api\\getCalendarById.js","statementMap":{"0":{"start":{"line":1,"column":31},"end":{"line":16,"column":1}},"1":{"start":{"line":2,"column":4},"end":{"line":15,"column":5}},"2":{"start":{"line":3,"column":25},"end":{"line":10,"column":10}},"3":{"start":{"line":11,"column":23},"end":{"line":11,"column":44}},"4":{"start":{"line":12,"column":8},"end":{"line":12,"column":22}},"5":{"start":{"line":14,"column":8},"end":{"line":14,"column":23}}},"fnMap":{"0":{"name":"(anonymous_0)","decl":{"start":{"line":1,"column":31},"end":{"line":1,"column":32}},"loc":{"start":{"line":1,"column":45},"end":{"line":16,"column":1}},"line":1}},"branchMap":{},"s":{"0":2,"1":2,"2":2,"3":1,"4":1,"5":1},"f":{"0":2},"b":{},"_coverageSchema":"1a1c01bbd47fc00a2c39e90264f33305004495a9","hash":"ef0e7125f987be734e3904879478b05c9cd09d5b"}
,"C:\\Users\\10\\Desktop\\lab5web\\src\\pages\\updateCalendar\\api\\updateCalendar.js": {"path":"C:\\Users\\10\\Desktop\\lab5web\\src\\pages\\updateCalendar\\api\\updateCalendar.js","statementMap":{"0":{"start":{"line":1,"column":30},"end":{"line":17,"column":1}},"1":{"start":{"line":2,"column":4},"end":{"line":16,"column":5}},"2":{"start":{"line":3,"column":25},"end":{"line":11,"column":10}},"3":{"start":{"line":12,"column":23},"end":{"line":12,"column":44}},"4":{"start":{"line":13,"column":8},"end":{"line":13,"column":22}},"5":{"start":{"line":15,"column":8},"end":{"line":15,"column":23}}},"fnMap":{"0":{"name":"(anonymous_0)","decl":{"start":{"line":1,"column":30},"end":{"line":1,"column":31}},"loc":{"start":{"line":1,"column":54},"end":{"line":17,"column":1}},"line":1}},"branchMap":{},"s":{"0":2,"1":2,"2":2,"3":1,"4":1,"5":1},"f":{"0":2},"b":{},"_coverageSchema":"1a1c01bbd47fc00a2c39e90264f33305004495a9","hash":"272be944ceaca5b7ffc0ea37a2aaa28d8677a3fe"}
,"C:\\Users\\10\\Desktop\\lab5web\\src\\pages\\updateCategory\\index.jsx": {"path":"C:\\Users\\10\\Desktop\\lab5web\\src\\pages\\updateCategory\\index.jsx","statementMap":{"0":{"start":{"line":8,"column":23},"end":{"line":47,"column":1}},"1":{"start":{"line":9,"column":17},"end":{"line":9,"column":28}},"2":{"start":{"line":10,"column":36},"end":{"line":12,"column":6}},"3":{"start":{"line":13,"column":25},"end":{"line":15,"column":5}},"4":{"start":{"line":14,"column":8},"end":{"line":14,"column":72}},"5":{"start":{"line":14,"column":29},"end":{"line":14,"column":70}},"6":{"start":{"line":16,"column":25},"end":{"line":20,"column":5}},"7":{"start":{"line":17,"column":8},"end":{"line":17,"column":26}},"8":{"start":{"line":18,"column":25},"end":{"line":18,"column":59}},"9":{"start":{"line":19,"column":8},"end":{"line":19,"column":29}},"10":{"start":{"line":21,"column":4},"end":{"line":29,"column":10}},"11":{"start":{"line":22,"column":8},"end":{"line":28,"column":10}},"12":{"start":{"line":24,"column":12},"end":{"line":27,"column":15}},"13":{"start":{"line":24,"column":33},"end":{"line":27,"column":13}},"14":{"start":{"line":31,"column":4},"end":{"line":46,"column":6}}},"fnMap":{"0":{"name":"(anonymous_0)","decl":{"start":{"line":8,"column":23},"end":{"line":8,"column":24}},"loc":{"start":{"line":8,"column":29},"end":{"line":47,"column":1}},"line":8},"1":{"name":"(anonymous_1)","decl":{"start":{"line":13,"column":25},"end":{"line":13,"column":26}},"loc":{"start":{"line":13,"column":32},"end":{"line":15,"column":5}},"line":13},"2":{"name":"(anonymous_2)","decl":{"start":{"line":14,"column":20},"end":{"line":14,"column":21}},"loc":{"start":{"line":14,"column":29},"end":{"line":14,"column":70}},"line":14},"3":{"name":"(anonymous_3)","decl":{"start":{"line":16,"column":25},"end":{"line":16,"column":26}},"loc":{"start":{"line":16,"column":37},"end":{"line":20,"column":5}},"line":16},"4":{"name":"(anonymous_4)","decl":{"start":{"line":21,"column":14},"end":{"line":21,"column":15}},"loc":{"start":{"line":21,"column":20},"end":{"line":29,"column":5}},"line":21},"5":{"name":"(anonymous_5)","decl":{"start":{"line":22,"column":33},"end":{"line":22,"column":34}},"loc":{"start":{"line":22,"column":45},"end":{"line":28,"column":9}},"line":22},"6":{"name":"(anonymous_6)","decl":{"start":{"line":24,"column":24},"end":{"line":24,"column":25}},"loc":{"start":{"line":24,"column":33},"end":{"line":27,"column":13}},"line":24}},"branchMap":{},"s":{"0":1,"1":3,"2":3,"3":3,"4":1,"5":2,"6":3,"7":1,"8":1,"9":1,"10":3,"11":1,"12":1,"13":1,"14":3},"f":{"0":3,"1":1,"2":2,"3":1,"4":1,"5":1,"6":1},"b":{},"_coverageSchema":"1a1c01bbd47fc00a2c39e90264f33305004495a9","hash":"9f706eae87a8118f258b92f094508a5e6c4ed26d"}
,"C:\\Users\\10\\Desktop\\lab5web\\src\\pages\\updateCategory\\api\\getCategoryById.js": {"path":"C:\\Users\\10\\Desktop\\lab5web\\src\\pages\\updateCategory\\api\\getCategoryById.js","statementMap":{"0":{"start":{"line":1,"column":31},"end":{"line":16,"column":1}},"1":{"start":{"line":2,"column":4},"end":{"line":15,"column":5}},"2":{"start":{"line":3,"column":25},"end":{"line":10,"column":10}},"3":{"start":{"line":11,"column":23},"end":{"line":11,"column":44}},"4":{"start":{"line":12,"column":8},"end":{"line":12,"column":22}},"5":{"start":{"line":14,"column":8},"end":{"line":14,"column":23}}},"fnMap":{"0":{"name":"(anonymous_0)","decl":{"start":{"line":1,"column":31},"end":{"line":1,"column":32}},"loc":{"start":{"line":1,"column":45},"end":{"line":16,"column":1}},"line":1}},"branchMap":{},"s":{"0":1,"1":2,"2":2,"3":1,"4":1,"5":1},"f":{"0":2},"b":{},"_coverageSchema":"1a1c01bbd47fc00a2c39e90264f33305004495a9","hash":"063c32b7fb5f766da5fa9c99548025a8e6de2cd4"}
,"C:\\Users\\10\\Desktop\\lab5web\\src\\pages\\updateCategory\\api\\updateCategory.js": {"path":"C:\\Users\\10\\Desktop\\lab5web\\src\\pages\\updateCategory\\api\\updateCategory.js","statementMap":{"0":{"start":{"line":1,"column":30},"end":{"line":17,"column":1}},"1":{"start":{"line":2,"column":4},"end":{"line":16,"column":5}},"2":{"start":{"line":3,"column":25},"end":{"line":11,"column":10}},"3":{"start":{"line":12,"column":23},"end":{"line":12,"column":44}},"4":{"start":{"line":13,"column":8},"end":{"line":13,"column":22}},"5":{"start":{"line":15,"column":8},"end":{"line":15,"column":23}}},"fnMap":{"0":{"name":"(anonymous_0)","decl":{"start":{"line":1,"column":30},"end":{"line":1,"column":31}},"loc":{"start":{"line":1,"column":54},"end":{"line":17,"column":1}},"line":1}},"branchMap":{},"s":{"0":1,"1":2,"2":2,"3":1,"4":1,"5":1},"f":{"0":2},"b":{},"_coverageSchema":"1a1c01bbd47fc00a2c39e90264f33305004495a9","hash":"cd5e3c400cca12661673bfc904a56db478e89d3c"}
,"C:\\Users\\10\\Desktop\\lab5web\\src\\pages\\updateEvent\\index.jsx": {"path":"C:\\Users\\10\\Desktop\\lab5web\\src\\pages\\updateEvent\\index.jsx","statementMap":{"0":{"start":{"line":7,"column":20},"end":{"line":74,"column":1}},"1":{"start":{"line":8,"column":17},"end":{"line":8,"column":28}},"2":{"start":{"line":9,"column":30},"end":{"line":13,"column":6}},"3":{"start":{"line":14,"column":25},"end":{"line":16,"column":5}},"4":{"start":{"line":15,"column":8},"end":{"line":15,"column":69}},"5":{"start":{"line":15,"column":26},"end":{"line":15,"column":67}},"6":{"start":{"line":17,"column":25},"end":{"line":22,"column":5}},"7":{"start":{"line":18,"column":8},"end":{"line":18,"column":26}},"8":{"start":{"line":20,"column":25},"end":{"line":20,"column":53}},"9":{"start":{"line":21,"column":8},"end":{"line":21,"column":29}},"10":{"start":{"line":23,"column":4},"end":{"line":44,"column":10}},"11":{"start":{"line":24,"column":28},"end":{"line":24,"column":38}},"12":{"start":{"line":26,"column":21},"end":{"line":26,"column":46}},"13":{"start":{"line":27,"column":22},"end":{"line":27,"column":48}},"14":{"start":{"line":28,"column":20},"end":{"line":28,"column":41}},"15":{"start":{"line":29,"column":22},"end":{"line":29,"column":44}},"16":{"start":{"line":30,"column":24},"end":{"line":30,"column":48}},"17":{"start":{"line":31,"column":24},"end":{"line":31,"column":48}},"18":{"start":{"line":34,"column":30},"end":{"line":34,"column":86}},"19":{"start":{"line":35,"column":8},"end":{"line":43,"column":10}},"20":{"start":{"line":36,"column":12},"end":{"line":42,"column":15}},"21":{"start":{"line":36,"column":30},"end":{"line":42,"column":13}},"22":{"start":{"line":45,"column":4},"end":{"line":45,"column":22}},"23":{"start":{"line":46,"column":4},"end":{"line":73,"column":6}}},"fnMap":{"0":{"name":"(anonymous_0)","decl":{"start":{"line":7,"column":20},"end":{"line":7,"column":21}},"loc":{"start":{"line":7,"column":26},"end":{"line":74,"column":1}},"line":7},"1":{"name":"(anonymous_1)","decl":{"start":{"line":14,"column":25},"end":{"line":14,"column":26}},"loc":{"start":{"line":14,"column":32},"end":{"line":16,"column":5}},"line":14},"2":{"name":"(anonymous_2)","decl":{"start":{"line":15,"column":17},"end":{"line":15,"column":18}},"loc":{"start":{"line":15,"column":26},"end":{"line":15,"column":67}},"line":15},"3":{"name":"(anonymous_3)","decl":{"start":{"line":17,"column":25},"end":{"line":17,"column":26}},"loc":{"start":{"line":17,"column":37},"end":{"line":22,"column":5}},"line":17},"4":{"name":"(anonymous_4)","decl":{"start":{"line":23,"column":14},"end":{"line":23,"column":15}},"loc":{"start":{"line":23,"column":20},"end":{"line":44,"column":5}},"line":23},"5":{"name":"(anonymous_5)","decl":{"start":{"line":35,"column":30},"end":{"line":35,"column":31}},"loc":{"start":{"line":35,"column":39},"end":{"line":43,"column":9}},"line":35},"6":{"name":"(anonymous_6)","decl":{"start":{"line":36,"column":21},"end":{"line":36,"column":22}},"loc":{"start":{"line":36,"column":30},"end":{"line":42,"column":13}},"line":36}},"branchMap":{},"s":{"0":1,"1":3,"2":3,"3":3,"4":1,"5":2,"6":3,"7":1,"8":1,"9":1,"10":3,"11":1,"12":1,"13":1,"14":1,"15":1,"16":1,"17":1,"18":1,"19":1,"20":1,"21":1,"22":3,"23":3},"f":{"0":3,"1":1,"2":2,"3":1,"4":1,"5":1,"6":1},"b":{},"_coverageSchema":"1a1c01bbd47fc00a2c39e90264f33305004495a9","hash":"d47d97df6cc3f4082dd0e3b8846ecbbf3d32ff67"}
,"C:\\Users\\10\\Desktop\\lab5web\\src\\pages\\updateEvent\\api\\getEventById.js": {"path":"C:\\Users\\10\\Desktop\\lab5web\\src\\pages\\updateEvent\\api\\getEventById.js","statementMap":{"0":{"start":{"line":1,"column":28},"end":{"line":16,"column":1}},"1":{"start":{"line":2,"column":4},"end":{"line":15,"column":5}},"2":{"start":{"line":3,"column":25},"end":{"line":10,"column":10}},"3":{"start":{"line":11,"column":23},"end":{"line":11,"column":44}},"4":{"start":{"line":12,"column":8},"end":{"line":12,"column":22}},"5":{"start":{"line":14,"column":8},"end":{"line":14,"column":23}}},"fnMap":{"0":{"name":"(anonymous_0)","decl":{"start":{"line":1,"column":28},"end":{"line":1,"column":29}},"loc":{"start":{"line":1,"column":42},"end":{"line":16,"column":1}},"line":1}},"branchMap":{},"s":{"0":1,"1":2,"2":2,"3":1,"4":1,"5":1},"f":{"0":2},"b":{},"_coverageSchema":"1a1c01bbd47fc00a2c39e90264f33305004495a9","hash":"a723c91b7dc96ad9ea7e5622ea0c24ca614393d5"}
,"C:\\Users\\10\\Desktop\\lab5web\\src\\pages\\updateEvent\\api\\updateEvent.js": {"path":"C:\\Users\\10\\Desktop\\lab5web\\src\\pages\\updateEvent\\api\\updateEvent.js","statementMap":{"0":{"start":{"line":1,"column":27},"end":{"line":17,"column":1}},"1":{"start":{"line":2,"column":4},"end":{"line":16,"column":5}},"2":{"start":{"line":3,"column":25},"end":{"line":11,"column":10}},"3":{"start":{"line":12,"column":23},"end":{"line":12,"column":44}},"4":{"start":{"line":13,"column":8},"end":{"line":13,"column":22}},"5":{"start":{"line":15,"column":8},"end":{"line":15,"column":23}}},"fnMap":{"0":{"name":"(anonymous_0)","decl":{"start":{"line":1,"column":27},"end":{"line":1,"column":28}},"loc":{"start":{"line":1,"column":48},"end":{"line":17,"column":1}},"line":1}},"branchMap":{},"s":{"0":1,"1":2,"2":2,"3":1,"4":1,"5":1},"f":{"0":2},"b":{},"_coverageSchema":"1a1c01bbd47fc00a2c39e90264f33305004495a9","hash":"1186a6bf14e7d117a6af0f148239ef5f89cf266c"}
,"C:\\Users\\10\\Desktop\\lab5web\\src\\pages\\userCalendars\\index.jsx": {"path":"C:\\Users\\10\\Desktop\\lab5web\\src\\pages\\userCalendars\\index.jsx","statementMap":{"0":{"start":{"line":8,"column":22},"end":{"line":108,"column":1}},"1":{"start":{"line":9,"column":38},"end":{"line":9,"column":50}},"2":{"start":{"line":10,"column":54},"end":{"line":10,"column":66}},"3":{"start":{"line":11,"column":30},"end":{"line":11,"column":42}},"4":{"start":{"line":12,"column":30},"end":{"line":20,"column":5}},"5":{"start":{"line":13,"column":8},"end":{"line":19,"column":9}},"6":{"start":{"line":14,"column":12},"end":{"line":14,"column":36}},"7":{"start":{"line":15,"column":15},"end":{"line":19,"column":9}},"8":{"start":{"line":16,"column":12},"end":{"line":16,"column":52}},"9":{"start":{"line":18,"column":12},"end":{"line":18,"column":31}},"10":{"start":{"line":21,"column":4},"end":{"line":32,"column":11}},"11":{"start":{"line":23,"column":28},"end":{"line":23,"column":65}},"12":{"start":{"line":24,"column":8},"end":{"line":30,"column":15}},"13":{"start":{"line":26,"column":42},"end":{"line":26,"column":49}},"14":{"start":{"line":27,"column":40},"end":{"line":27,"column":100}},"15":{"start":{"line":27,"column":69},"end":{"line":27,"column":99}},"16":{"start":{"line":28,"column":16},"end":{"line":28,"column":46}},"17":{"start":{"line":29,"column":16},"end":{"line":29,"column":54}},"18":{"start":{"line":34,"column":4},"end":{"line":38,"column":27}},"19":{"start":{"line":35,"column":34},"end":{"line":36,"column":29}},"20":{"start":{"line":35,"column":63},"end":{"line":36,"column":28}},"21":{"start":{"line":37,"column":8},"end":{"line":37,"column":48}},"22":{"start":{"line":40,"column":4},"end":{"line":107,"column":6}},"23":{"start":{"line":59,"column":44},"end":{"line":59,"column":68}},"24":{"start":{"line":77,"column":32},"end":{"line":99,"column":37}},"25":{"start":{"line":95,"column":63},"end":{"line":95,"column":90}}},"fnMap":{"0":{"name":"(anonymous_0)","decl":{"start":{"line":8,"column":22},"end":{"line":8,"column":23}},"loc":{"start":{"line":8,"column":28},"end":{"line":108,"column":1}},"line":8},"1":{"name":"(anonymous_1)","decl":{"start":{"line":12,"column":30},"end":{"line":12,"column":31}},"loc":{"start":{"line":12,"column":47},"end":{"line":20,"column":5}},"line":12},"2":{"name":"(anonymous_2)","decl":{"start":{"line":21,"column":14},"end":{"line":21,"column":15}},"loc":{"start":{"line":21,"column":20},"end":{"line":32,"column":5}},"line":21},"3":{"name":"(anonymous_3)","decl":{"start":{"line":25,"column":18},"end":{"line":25,"column":19}},"loc":{"start":{"line":25,"column":29},"end":{"line":30,"column":13}},"line":25},"4":{"name":"(anonymous_4)","decl":{"start":{"line":27,"column":57},"end":{"line":27,"column":58}},"loc":{"start":{"line":27,"column":69},"end":{"line":27,"column":99}},"line":27},"5":{"name":"(anonymous_5)","decl":{"start":{"line":34,"column":14},"end":{"line":34,"column":15}},"loc":{"start":{"line":34,"column":20},"end":{"line":38,"column":5}},"line":34},"6":{"name":"(anonymous_6)","decl":{"start":{"line":35,"column":51},"end":{"line":35,"column":52}},"loc":{"start":{"line":35,"column":63},"end":{"line":36,"column":28}},"line":35},"7":{"name":"(anonymous_7)","decl":{"start":{"line":59,"column":37},"end":{"line":59,"column":38}},"loc":{"start":{"line":59,"column":44},"end":{"line":59,"column":68}},"line":59},"8":{"name":"(anonymous_8)","decl":{"start":{"line":76,"column":50},"end":{"line":76,"column":51}},"loc":{"start":{"line":77,"column":32},"end":{"line":99,"column":37}},"line":77},"9":{"name":"(anonymous_9)","decl":{"start":{"line":95,"column":57},"end":{"line":95,"column":58}},"loc":{"start":{"line":95,"column":63},"end":{"line":95,"column":90}},"line":95}},"branchMap":{"0":{"loc":{"start":{"line":13,"column":8},"end":{"line":19,"column":9}},"type":"if","locations":[{"start":{"line":13,"column":8},"end":{"line":19,"column":9}},{"start":{"line":15,"column":15},"end":{"line":19,"column":9}}],"line":13},"1":{"loc":{"start":{"line":15,"column":15},"end":{"line":19,"column":9}},"type":"if","locations":[{"start":{"line":15,"column":15},"end":{"line":19,"column":9}},{"start":{"line":17,"column":15},"end":{"line":19,"column":9}}],"line":15}},"s":{"0":1,"1":8,"2":7,"3":7,"4":7,"5":1,"6":0,"7":1,"8":0,"9":1,"10":7,"11":2,"12":2,"13":2,"14":2,"15":4,"16":2,"17":2,"18":7,"19":4,"20":1,"21":4,"22":7,"23":1,"24":1,"25":0},"f":{"0":8,"1":1,"2":2,"3":2,"4":4,"5":4,"6":1,"7":1,"8":1,"9":0},"b":{"0":[0,1],"1":[0,1]},"_coverageSchema":"1a1c01bbd47fc00a2c39e90264f33305004495a9","hash":"75492edc537b29a383e382f675fbe0cf1ca2daa0"}
,"C:\\Users\\10\\Desktop\\lab5web\\src\\pages\\userEvents\\index.jsx": {"path":"C:\\Users\\10\\Desktop\\lab5web\\src\\pages\\userEvents\\index.jsx","statementMap":{"0":{"start":{"line":8,"column":19},"end":{"line":106,"column":1}},"1":{"start":{"line":9,"column":32},"end":{"line":9,"column":44}},"2":{"start":{"line":10,"column":48},"end":{"line":10,"column":60}},"3":{"start":{"line":11,"column":30},"end":{"line":11,"column":42}},"4":{"start":{"line":12,"column":30},"end":{"line":20,"column":5}},"5":{"start":{"line":13,"column":8},"end":{"line":19,"column":9}},"6":{"start":{"line":14,"column":12},"end":{"line":14,"column":36}},"7":{"start":{"line":15,"column":15},"end":{"line":19,"column":9}},"8":{"start":{"line":16,"column":12},"end":{"line":16,"column":52}},"9":{"start":{"line":18,"column":12},"end":{"line":18,"column":31}},"10":{"start":{"line":21,"column":4},"end":{"line":32,"column":11}},"11":{"start":{"line":23,"column":28},"end":{"line":23,"column":65}},"12":{"start":{"line":24,"column":8},"end":{"line":30,"column":15}},"13":{"start":{"line":26,"column":39},"end":{"line":26,"column":46}},"14":{"start":{"line":27,"column":37},"end":{"line":27,"column":88}},"15":{"start":{"line":27,"column":60},"end":{"line":27,"column":87}},"16":{"start":{"line":28,"column":16},"end":{"line":28,"column":40}},"17":{"start":{"line":29,"column":16},"end":{"line":29,"column":48}},"18":{"start":{"line":34,"column":4},"end":{"line":38,"column":24}},"19":{"start":{"line":35,"column":31},"end":{"line":36,"column":29}},"20":{"start":{"line":35,"column":54},"end":{"line":36,"column":28}},"21":{"start":{"line":37,"column":8},"end":{"line":37,"column":42}},"22":{"start":{"line":40,"column":4},"end":{"line":105,"column":6}},"23":{"start":{"line":55,"column":44},"end":{"line":55,"column":68}},"24":{"start":{"line":76,"column":32},"end":{"line":97,"column":37}},"25":{"start":{"line":93,"column":63},"end":{"line":93,"column":84}}},"fnMap":{"0":{"name":"(anonymous_0)","decl":{"start":{"line":8,"column":19},"end":{"line":8,"column":20}},"loc":{"start":{"line":8,"column":25},"end":{"line":106,"column":1}},"line":8},"1":{"name":"(anonymous_1)","decl":{"start":{"line":12,"column":30},"end":{"line":12,"column":31}},"loc":{"start":{"line":12,"column":47},"end":{"line":20,"column":5}},"line":12},"2":{"name":"(anonymous_2)","decl":{"start":{"line":21,"column":14},"end":{"line":21,"column":15}},"loc":{"start":{"line":21,"column":20},"end":{"line":32,"column":5}},"line":21},"3":{"name":"(anonymous_3)","decl":{"start":{"line":25,"column":18},"end":{"line":25,"column":19}},"loc":{"start":{"line":25,"column":29},"end":{"line":30,"column":13}},"line":25},"4":{"name":"(anonymous_4)","decl":{"start":{"line":27,"column":51},"end":{"line":27,"column":52}},"loc":{"start":{"line":27,"column":60},"end":{"line":27,"column":87}},"line":27},"5":{"name":"(anonymous_5)","decl":{"start":{"line":34,"column":14},"end":{"line":34,"column":15}},"loc":{"start":{"line":34,"column":20},"end":{"line":38,"column":5}},"line":34},"6":{"name":"(anonymous_6)","decl":{"start":{"line":35,"column":45},"end":{"line":35,"column":46}},"loc":{"start":{"line":35,"column":54},"end":{"line":36,"column":28}},"line":35},"7":{"name":"(anonymous_7)","decl":{"start":{"line":55,"column":37},"end":{"line":55,"column":38}},"loc":{"start":{"line":55,"column":44},"end":{"line":55,"column":68}},"line":55},"8":{"name":"(anonymous_8)","decl":{"start":{"line":75,"column":47},"end":{"line":75,"column":48}},"loc":{"start":{"line":76,"column":32},"end":{"line":97,"column":37}},"line":76},"9":{"name":"(anonymous_9)","decl":{"start":{"line":93,"column":57},"end":{"line":93,"column":58}},"loc":{"start":{"line":93,"column":63},"end":{"line":93,"column":84}},"line":93}},"branchMap":{"0":{"loc":{"start":{"line":13,"column":8},"end":{"line":19,"column":9}},"type":"if","locations":[{"start":{"line":13,"column":8},"end":{"line":19,"column":9}},{"start":{"line":15,"column":15},"end":{"line":19,"column":9}}],"line":13},"1":{"loc":{"start":{"line":15,"column":15},"end":{"line":19,"column":9}},"type":"if","locations":[{"start":{"line":15,"column":15},"end":{"line":19,"column":9}},{"start":{"line":17,"column":15},"end":{"line":19,"column":9}}],"line":15}},"s":{"0":1,"1":8,"2":7,"3":7,"4":7,"5":2,"6":0,"7":2,"8":0,"9":2,"10":7,"11":2,"12":2,"13":2,"14":2,"15":4,"16":2,"17":2,"18":7,"19":4,"20":1,"21":4,"22":7,"23":1,"24":1,"25":0},"f":{"0":8,"1":2,"2":2,"3":2,"4":4,"5":4,"6":1,"7":1,"8":1,"9":0},"b":{"0":[0,2],"1":[0,2]},"_coverageSchema":"1a1c01bbd47fc00a2c39e90264f33305004495a9","hash":"db42e0d9d8b87500e1debeed976508ebf6383cf7"}
}
