TN:
SF:src\pages\adminAccesses\index.jsx
FN:7,(anonymous_0)
FN:10,(anonymous_1)
FN:13,(anonymous_2)
FN:48,(anonymous_3)
FN:55,(anonymous_4)
FNF:5
FNH:0
FNDA:0,(anonymous_0)
FNDA:0,(anonymous_1)
FNDA:0,(anonymous_2)
FNDA:0,(anonymous_3)
FNDA:0,(anonymous_4)
DA:7,0
DA:8,0
DA:10,0
DA:12,0
DA:14,0
DA:21,0
DA:50,0
DA:55,0
LF:8
LH:0
BRF:0
BRH:0
end_of_record
TN:
SF:src\pages\adminAccesses\api\deleteAccess.js
FN:1,(anonymous_0)
FNF:1
FNH:1
FNDA:2,(anonymous_0)
DA:1,1
DA:2,2
DA:3,2
DA:12,1
LF:4
LH:4
BRF:0
BRH:0
end_of_record
TN:
SF:src\pages\adminAccesses\api\getAccesses.js
FN:1,(anonymous_0)
FNF:1
FNH:1
FNDA:2,(anonymous_0)
DA:1,1
DA:2,2
DA:9,2
LF:3
LH:3
BRF:0
BRH:0
end_of_record
TN:
SF:src\pages\adminCalendars\index.jsx
FN:7,(anonymous_0)
FN:11,(anonymous_1)
FN:22,(anonymous_2)
FN:25,(anonymous_3)
FN:32,(anonymous_4)
FN:33,(anonymous_5)
FN:51,(anonymous_6)
FN:67,(anonymous_7)
FN:81,(anonymous_8)
FNF:9
FNH:0
FNDA:0,(anonymous_0)
FNDA:0,(anonymous_1)
FNDA:0,(anonymous_2)
FNDA:0,(anonymous_3)
FNDA:0,(anonymous_4)
FNDA:0,(anonymous_5)
FNDA:0,(anonymous_6)
FNDA:0,(anonymous_7)
FNDA:0,(anonymous_8)
DA:7,0
DA:8,0
DA:9,0
DA:10,0
DA:11,0
DA:12,0
DA:13,0
DA:15,0
DA:16,0
DA:19,0
DA:22,0
DA:24,0
DA:26,0
DA:27,0
DA:32,0
DA:33,0
DA:34,0
DA:37,0
DA:51,0
DA:68,0
DA:81,0
LF:21
LH:0
BRDA:12,0,0,0
BRDA:12,0,1,0
BRDA:15,1,0,0
BRDA:15,1,1,0
BRF:4
BRH:0
end_of_record
TN:
SF:src\pages\adminCalendars\api\deleteCalendar.js
FN:1,(anonymous_0)
FNF:1
FNH:1
FNDA:2,(anonymous_0)
DA:1,2
DA:2,2
DA:3,2
DA:13,1
LF:4
LH:4
BRF:0
BRH:0
end_of_record
TN:
SF:src\pages\adminCalendars\api\getCalendars.js
FN:1,(anonymous_0)
FNF:1
FNH:1
FNDA:1,(anonymous_0)
DA:1,2
DA:2,1
DA:9,1
LF:3
LH:3
BRF:0
BRH:0
end_of_record
TN:
SF:src\pages\adminCategories\index.jsx
FN:7,(anonymous_0)
FN:12,(anonymous_1)
FN:15,(anonymous_2)
FN:22,(anonymous_3)
FN:23,(anonymous_4)
FN:45,(anonymous_5)
FN:59,(anonymous_6)
FN:70,(anonymous_7)
FNF:8
FNH:7
FNDA:16,(anonymous_0)
FNDA:4,(anonymous_1)
FNDA:4,(anonymous_2)
FNDA:8,(anonymous_3)
FNDA:6,(anonymous_4)
FNDA:1,(anonymous_5)
FNDA:9,(anonymous_6)
FNDA:0,(anonymous_7)
DA:7,1
DA:8,16
DA:9,15
DA:10,15
DA:12,15
DA:14,4
DA:16,4
DA:17,4
DA:22,15
DA:23,8
DA:24,8
DA:27,15
DA:45,1
DA:60,9
DA:70,0
LF:15
LH:14
BRF:0
BRH:0
end_of_record
TN:
SF:src\pages\adminCategories\api\deleteCategory.js
FN:1,(anonymous_0)
FNF:1
FNH:1
FNDA:2,(anonymous_0)
DA:1,2
DA:2,2
DA:3,2
DA:13,1
LF:4
LH:4
BRF:0
BRH:0
end_of_record
TN:
SF:src\pages\adminCategories\api\getCategories.js
FN:1,(anonymous_0)
FNF:1
FNH:1
FNDA:1,(anonymous_0)
DA:1,2
DA:2,1
DA:9,1
LF:3
LH:3
BRF:0
BRH:0
end_of_record
TN:
SF:src\pages\adminEditUser\index.jsx
FN:7,(anonymous_0)
FN:21,(anonymous_1)
FN:26,(anonymous_2)
FN:27,(anonymous_3)
FN:33,(anonymous_4)
FN:38,(anonymous_5)
FNF:6
FNH:0
FNDA:0,(anonymous_0)
FNDA:0,(anonymous_1)
FNDA:0,(anonymous_2)
FNDA:0,(anonymous_3)
FNDA:0,(anonymous_4)
FNDA:0,(anonymous_5)
DA:7,0
DA:9,0
DA:10,0
DA:11,0
DA:21,0
DA:22,0
DA:26,0
DA:27,0
DA:33,0
DA:34,0
DA:35,0
DA:36,0
DA:37,0
DA:39,0
DA:43,0
LF:15
LH:0
BRF:0
BRH:0
end_of_record
TN:
SF:src\pages\adminEditUser\api\editUser.js
FN:1,(anonymous_0)
FN:12,(anonymous_1)
FNF:2
FNH:2
FNDA:2,(anonymous_0)
FNDA:1,(anonymous_1)
DA:1,1
DA:2,2
DA:9,2
DA:12,1
DA:13,1
LF:5
LH:5
BRF:0
BRH:0
end_of_record
TN:
SF:src\pages\adminEvents\index.jsx
FN:8,(anonymous_0)
FN:12,(anonymous_1)
FN:23,(anonymous_2)
FN:26,(anonymous_3)
FN:33,(anonymous_4)
FN:34,(anonymous_5)
FN:52,(anonymous_6)
FN:71,(anonymous_7)
FN:87,(anonymous_8)
FNF:9
FNH:0
FNDA:0,(anonymous_0)
FNDA:0,(anonymous_1)
FNDA:0,(anonymous_2)
FNDA:0,(anonymous_3)
FNDA:0,(anonymous_4)
FNDA:0,(anonymous_5)
FNDA:0,(anonymous_6)
FNDA:0,(anonymous_7)
FNDA:0,(anonymous_8)
DA:8,0
DA:9,0
DA:10,0
DA:11,0
DA:12,0
DA:13,0
DA:14,0
DA:16,0
DA:17,0
DA:20,0
DA:23,0
DA:25,0
DA:27,0
DA:28,0
DA:33,0
DA:34,0
DA:35,0
DA:38,0
DA:52,0
DA:72,0
DA:87,0
LF:21
LH:0
BRDA:13,0,0,0
BRDA:13,0,1,0
BRDA:16,1,0,0
BRDA:16,1,1,0
BRF:4
BRH:0
end_of_record
TN:
SF:src\pages\adminEvents\api\deleteEvent.js
FN:1,(anonymous_0)
FNF:1
FNH:1
FNDA:2,(anonymous_0)
DA:1,2
DA:2,2
DA:3,2
DA:13,1
LF:4
LH:4
BRF:0
BRH:0
end_of_record
TN:
SF:src\pages\adminGiveAccess\index.jsx
FN:4,(anonymous_0)
FN:9,(anonymous_1)
FN:10,(anonymous_2)
FN:16,(anonymous_3)
FNF:4
FNH:0
FNDA:0,(anonymous_0)
FNDA:0,(anonymous_1)
FNDA:0,(anonymous_2)
FNDA:0,(anonymous_3)
DA:4,0
DA:5,0
DA:9,0
DA:10,0
DA:16,0
DA:17,0
DA:18,0
DA:20,0
LF:8
LH:0
BRF:0
BRH:0
end_of_record
TN:
SF:src\pages\adminGiveAccess\api\giveAccess.js
FN:1,(anonymous_0)
FNF:1
FNH:1
FNDA:2,(anonymous_0)
DA:1,1
DA:2,2
DA:3,2
DA:11,1
DA:12,1
DA:13,1
DA:15,1
LF:7
LH:7
BRF:0
BRH:0
end_of_record
TN:
SF:src\pages\adminPage\index.jsx
FN:9,(anonymous_0)
FNF:1
FNH:1
FNDA:2,(anonymous_0)
DA:9,1
DA:10,2
LF:2
LH:2
BRF:0
BRH:0
end_of_record
TN:
SF:src\pages\adminUsers\index.jsx
FN:7,(anonymous_0)
FN:12,(anonymous_1)
FN:14,(anonymous_2)
FN:20,(anonymous_3)
FN:21,(anonymous_4)
FN:43,(anonymous_5)
FN:60,(anonymous_6)
FN:75,(anonymous_7)
FNF:8
FNH:6
FNDA:6,(anonymous_0)
FNDA:2,(anonymous_1)
FNDA:2,(anonymous_2)
FNDA:4,(anonymous_3)
FNDA:4,(anonymous_4)
FNDA:0,(anonymous_5)
FNDA:4,(anonymous_6)
FNDA:0,(anonymous_7)
DA:7,1
DA:8,6
DA:9,6
DA:10,6
DA:12,6
DA:13,2
DA:15,2
DA:16,2
DA:20,6
DA:21,4
DA:22,4
DA:25,6
DA:43,0
DA:61,4
DA:75,0
LF:15
LH:13
BRF:0
BRH:0
end_of_record
TN:
SF:src\pages\adminUsers\api\deleteUser.js
FN:1,(anonymous_0)
FNF:1
FNH:1
FNDA:2,(anonymous_0)
DA:1,2
DA:2,2
DA:3,2
DA:13,1
LF:4
LH:4
BRF:0
BRH:0
end_of_record
TN:
SF:src\pages\adminUsers\api\getUsers.js
FN:1,(anonymous_0)
FNF:1
FNH:1
FNDA:1,(anonymous_0)
DA:1,2
DA:2,1
DA:9,1
LF:3
LH:3
BRF:0
BRH:0
end_of_record
TN:
SF:src\pages\calendar\index.jsx
FN:17,(anonymous_0)
FN:23,(anonymous_1)
FN:25,(anonymous_2)
FN:26,(anonymous_3)
FN:27,(anonymous_4)
FN:39,(anonymous_5)
FN:44,(anonymous_6)
FN:47,(anonymous_7)
FN:49,(anonymous_8)
FN:50,(anonymous_9)
FN:50,(anonymous_10)
FN:51,(anonymous_11)
FN:70,(anonymous_12)
FN:107,(anonymous_13)
FN:119,(anonymous_14)
FN:120,(anonymous_15)
FNF:16
FNH:0
FNDA:0,(anonymous_0)
FNDA:0,(anonymous_1)
FNDA:0,(anonymous_2)
FNDA:0,(anonymous_3)
FNDA:0,(anonymous_4)
FNDA:0,(anonymous_5)
FNDA:0,(anonymous_6)
FNDA:0,(anonymous_7)
FNDA:0,(anonymous_8)
FNDA:0,(anonymous_9)
FNDA:0,(anonymous_10)
FNDA:0,(anonymous_11)
FNDA:0,(anonymous_12)
FNDA:0,(anonymous_13)
FNDA:0,(anonymous_14)
FNDA:0,(anonymous_15)
DA:12,0
DA:13,0
DA:14,0
DA:17,0
DA:18,0
DA:19,0
DA:20,0
DA:21,0
DA:23,0
DA:24,0
DA:26,0
DA:28,0
DA:29,0
DA:30,0
DA:39,0
DA:40,0
DA:44,0
DA:45,0
DA:46,0
DA:48,0
DA:49,0
DA:50,0
DA:51,0
DA:52,0
DA:55,0
DA:71,0
DA:108,0
DA:119,0
DA:121,0
LF:29
LH:0
BRF:0
BRH:0
end_of_record
TN:
SF:src\pages\calendar\api\getEvents.js
FN:1,(anonymous_0)
FNF:1
FNH:1
FNDA:2,(anonymous_0)
DA:1,2
DA:2,2
DA:9,2
LF:3
LH:3
BRF:0
BRH:0
end_of_record
TN:
SF:src\pages\calendarAccess\index.jsx
FN:8,(anonymous_0)
FN:13,(anonymous_1)
FN:15,(anonymous_2)
FN:20,(anonymous_3)
FN:22,(anonymous_4)
FN:50,(anonymous_5)
FN:51,(anonymous_6)
FNF:7
FNH:7
FNDA:5,(anonymous_0)
FNDA:2,(anonymous_1)
FNDA:2,(anonymous_2)
FNDA:2,(anonymous_3)
FNDA:2,(anonymous_4)
FNDA:4,(anonymous_5)
FNDA:4,(anonymous_6)
DA:8,1
DA:9,5
DA:10,5
DA:11,4
DA:12,4
DA:13,4
DA:14,2
DA:16,2
DA:20,4
DA:21,2
DA:23,2
DA:27,4
DA:50,4
DA:52,4
LF:14
LH:14
BRF:0
BRH:0
end_of_record
TN:
SF:src\pages\calendarAccess\api\getCalendarById.js
FN:1,(anonymous_0)
FNF:1
FNH:1
FNDA:1,(anonymous_0)
DA:1,1
DA:2,1
DA:3,1
DA:10,1
DA:12,0
LF:5
LH:4
BRF:0
BRH:0
end_of_record
TN:
SF:src\pages\calendarAccess\api\userCalendarAccess.js
FN:1,(anonymous_0)
FNF:1
FNH:1
FNDA:1,(anonymous_0)
DA:1,1
DA:2,1
DA:9,1
LF:3
LH:3
BRF:0
BRH:0
end_of_record
TN:
SF:src\pages\createCalendar\index.jsx
FN:5,(anonymous_0)
FN:11,(anonymous_1)
FN:12,(anonymous_2)
FN:14,(anonymous_3)
FNF:4
FNH:4
FNDA:4,(anonymous_0)
FNDA:2,(anonymous_1)
FNDA:2,(anonymous_2)
FNDA:1,(anonymous_3)
DA:5,1
DA:7,4
DA:11,3
DA:12,2
DA:14,3
DA:15,1
DA:16,1
DA:17,1
DA:19,3
LF:9
LH:9
BRF:0
BRH:0
end_of_record
TN:
SF:src\pages\createCalendar\api\createCalendar.js
FN:1,(anonymous_0)
FNF:1
FNH:1
FNDA:3,(anonymous_0)
DA:1,2
DA:2,3
DA:3,3
DA:12,2
DA:13,2
DA:15,1
LF:6
LH:6
BRF:0
BRH:0
end_of_record
TN:
SF:src\pages\createCategory\index.jsx
FN:5,(anonymous_0)
FN:9,(anonymous_1)
FN:10,(anonymous_2)
FN:12,(anonymous_3)
FNF:4
FNH:4
FNDA:2,(anonymous_0)
FNDA:1,(anonymous_1)
FNDA:1,(anonymous_2)
FNDA:1,(anonymous_3)
DA:5,1
DA:6,2
DA:9,2
DA:10,1
DA:12,2
DA:13,1
DA:14,1
DA:15,1
DA:17,2
LF:9
LH:9
BRF:0
BRH:0
end_of_record
TN:
SF:src\pages\createCategory\api\createCategory.js
FN:1,(anonymous_0)
FNF:1
FNH:1
FNDA:2,(anonymous_0)
DA:1,2
DA:2,2
DA:3,2
DA:12,1
DA:13,1
DA:15,1
LF:6
LH:6
BRF:0
BRH:0
end_of_record
TN:
SF:src\pages\createEvent\index.jsx
FN:7,(anonymous_0)
FN:16,(anonymous_1)
FN:17,(anonymous_2)
FN:20,(anonymous_3)
FN:44,(anonymous_4)
FN:72,(anonymous_5)
FNF:6
FNH:5
FNDA:6,(anonymous_0)
FNDA:4,(anonymous_1)
FNDA:4,(anonymous_2)
FNDA:1,(anonymous_3)
FNDA:1,(anonymous_4)
FNDA:0,(anonymous_5)
DA:7,1
DA:8,6
DA:9,5
DA:10,5
DA:16,5
DA:17,4
DA:20,5
DA:21,1
DA:22,1
DA:24,1
DA:25,1
DA:26,1
DA:27,1
DA:28,1
DA:29,1
DA:32,1
DA:33,1
DA:40,1
DA:41,1
DA:43,5
DA:44,5
DA:45,1
DA:48,5
DA:73,0
LF:24
LH:23
BRF:0
BRH:0
end_of_record
TN:
SF:src\pages\createEvent\api\createEvent.js
FN:1,(anonymous_0)
FNF:1
FNH:1
FNDA:2,(anonymous_0)
DA:1,1
DA:2,2
DA:3,2
DA:12,1
DA:13,1
DA:15,1
LF:6
LH:6
BRF:0
BRH:0
end_of_record
TN:
SF:src\pages\login\index.jsx
FN:7,(anonymous_0)
FN:15,(anonymous_1)
FN:16,(anonymous_2)
FN:22,(anonymous_3)
FNF:4
FNH:4
FNDA:10,(anonymous_0)
FNDA:6,(anonymous_1)
FNDA:6,(anonymous_2)
FNDA:2,(anonymous_3)
DA:7,1
DA:9,10
DA:10,10
DA:15,10
DA:16,6
DA:22,10
DA:23,2
DA:24,2
DA:25,2
DA:27,2
DA:28,2
DA:29,1
DA:30,1
DA:32,1
DA:33,1
DA:35,0
DA:39,1
DA:43,10
LF:18
LH:17
BRDA:32,0,0,1
BRDA:32,0,1,0
BRF:2
BRH:1
end_of_record
TN:
SF:src\pages\login\api\getUsers.js
FN:1,(anonymous_0)
FNF:1
FNH:1
FNDA:2,(anonymous_0)
DA:1,1
DA:2,2
DA:3,2
DA:4,1
DA:7,1
LF:5
LH:5
BRF:0
BRH:0
end_of_record
TN:
SF:src\pages\login\api\login.js
FN:1,(anonymous_0)
FNF:1
FNH:1
FNDA:2,(anonymous_0)
DA:1,5
DA:2,2
DA:10,2
DA:11,1
DA:12,1
LF:5
LH:5
BRF:0
BRH:0
end_of_record
TN:
SF:src\pages\register\index.jsx
FN:6,(anonymous_0)
FN:19,(anonymous_1)
FN:20,(anonymous_2)
FN:23,(anonymous_3)
FNF:4
FNH:4
FNDA:17,(anonymous_0)
FNDA:14,(anonymous_1)
FNDA:14,(anonymous_2)
FNDA:1,(anonymous_3)
DA:6,1
DA:7,17
DA:9,17
DA:19,17
DA:20,14
DA:23,17
DA:24,1
DA:25,1
DA:28,17
LF:9
LH:9
BRF:0
BRH:0
end_of_record
TN:
SF:src\pages\register\api\register.js
FN:1,(anonymous_0)
FNF:1
FNH:1
FNDA:2,(anonymous_0)
DA:1,2
DA:2,2
DA:9,2
LF:3
LH:3
BRF:0
BRH:0
end_of_record
TN:
SF:src\pages\updateCalendar\index.jsx
FN:8,(anonymous_0)
FN:15,(anonymous_1)
FN:16,(anonymous_2)
FN:18,(anonymous_3)
FN:23,(anonymous_4)
FN:24,(anonymous_5)
FN:26,(anonymous_6)
FNF:7
FNH:7
FNDA:4,(anonymous_0)
FNDA:2,(anonymous_1)
FNDA:3,(anonymous_2)
FNDA:1,(anonymous_3)
FNDA:1,(anonymous_4)
FNDA:1,(anonymous_5)
FNDA:1,(anonymous_6)
DA:8,1
DA:9,4
DA:10,4
DA:15,4
DA:16,3
DA:18,4
DA:19,1
DA:20,1
DA:21,1
DA:23,4
DA:24,1
DA:26,1
DA:34,4
DA:35,4
LF:14
LH:14
BRDA:47,0,0,4
BRDA:47,0,1,0
BRF:2
BRH:1
end_of_record
TN:
SF:src\pages\updateCalendar\api\getCalendarById.js
FN:1,(anonymous_0)
FNF:1
FNH:1
FNDA:2,(anonymous_0)
DA:1,2
DA:2,2
DA:3,2
DA:11,1
DA:12,1
DA:14,1
LF:6
LH:6
BRF:0
BRH:0
end_of_record
TN:
SF:src\pages\updateCalendar\api\updateCalendar.js
FN:1,(anonymous_0)
FNF:1
FNH:1
FNDA:2,(anonymous_0)
DA:1,2
DA:2,2
DA:3,2
DA:12,1
DA:13,1
DA:15,1
LF:6
LH:6
BRF:0
BRH:0
end_of_record
TN:
SF:src\pages\updateCategory\index.jsx
FN:8,(anonymous_0)
FN:13,(anonymous_1)
FN:14,(anonymous_2)
FN:16,(anonymous_3)
FN:21,(anonymous_4)
FN:22,(anonymous_5)
FN:24,(anonymous_6)
FNF:7
FNH:7
FNDA:3,(anonymous_0)
FNDA:1,(anonymous_1)
FNDA:2,(anonymous_2)
FNDA:1,(anonymous_3)
FNDA:1,(anonymous_4)
FNDA:1,(anonymous_5)
FNDA:1,(anonymous_6)
DA:8,1
DA:9,3
DA:10,3
DA:13,3
DA:14,2
DA:16,3
DA:17,1
DA:18,1
DA:19,1
DA:21,3
DA:22,1
DA:24,1
DA:31,3
LF:13
LH:13
BRF:0
BRH:0
end_of_record
TN:
SF:src\pages\updateCategory\api\getCategoryById.js
FN:1,(anonymous_0)
FNF:1
FNH:1
FNDA:2,(anonymous_0)
DA:1,1
DA:2,2
DA:3,2
DA:11,1
DA:12,1
DA:14,1
LF:6
LH:6
BRF:0
BRH:0
end_of_record
TN:
SF:src\pages\updateCategory\api\updateCategory.js
FN:1,(anonymous_0)
FNF:1
FNH:1
FNDA:2,(anonymous_0)
DA:1,1
DA:2,2
DA:3,2
DA:12,1
DA:13,1
DA:15,1
LF:6
LH:6
BRF:0
BRH:0
end_of_record
TN:
SF:src\pages\updateEvent\index.jsx
FN:7,(anonymous_0)
FN:14,(anonymous_1)
FN:15,(anonymous_2)
FN:17,(anonymous_3)
FN:23,(anonymous_4)
FN:35,(anonymous_5)
FN:36,(anonymous_6)
FNF:7
FNH:7
FNDA:3,(anonymous_0)
FNDA:1,(anonymous_1)
FNDA:2,(anonymous_2)
FNDA:1,(anonymous_3)
FNDA:1,(anonymous_4)
FNDA:1,(anonymous_5)
FNDA:1,(anonymous_6)
DA:7,1
DA:8,3
DA:9,3
DA:14,3
DA:15,2
DA:17,3
DA:18,1
DA:20,1
DA:21,1
DA:23,3
DA:24,1
DA:26,1
DA:27,1
DA:28,1
DA:29,1
DA:30,1
DA:31,1
DA:34,1
DA:35,1
DA:36,1
DA:45,3
DA:46,3
LF:22
LH:22
BRF:0
BRH:0
end_of_record
TN:
SF:src\pages\updateEvent\api\getEventById.js
FN:1,(anonymous_0)
FNF:1
FNH:1
FNDA:2,(anonymous_0)
DA:1,1
DA:2,2
DA:3,2
DA:11,1
DA:12,1
DA:14,1
LF:6
LH:6
BRF:0
BRH:0
end_of_record
TN:
SF:src\pages\updateEvent\api\updateEvent.js
FN:1,(anonymous_0)
FNF:1
FNH:1
FNDA:2,(anonymous_0)
DA:1,1
DA:2,2
DA:3,2
DA:12,1
DA:13,1
DA:15,1
LF:6
LH:6
BRF:0
BRH:0
end_of_record
TN:
SF:src\pages\userCalendars\index.jsx
FN:8,(anonymous_0)
FN:12,(anonymous_1)
FN:21,(anonymous_2)
FN:25,(anonymous_3)
FN:27,(anonymous_4)
FN:34,(anonymous_5)
FN:35,(anonymous_6)
FN:59,(anonymous_7)
FN:76,(anonymous_8)
FN:95,(anonymous_9)
FNF:10
FNH:9
FNDA:8,(anonymous_0)
FNDA:1,(anonymous_1)
FNDA:2,(anonymous_2)
FNDA:2,(anonymous_3)
FNDA:4,(anonymous_4)
FNDA:4,(anonymous_5)
FNDA:1,(anonymous_6)
FNDA:1,(anonymous_7)
FNDA:1,(anonymous_8)
FNDA:0,(anonymous_9)
DA:8,1
DA:9,8
DA:10,7
DA:11,7
DA:12,7
DA:13,1
DA:14,0
DA:15,1
DA:16,0
DA:18,1
DA:21,7
DA:23,2
DA:24,2
DA:26,2
DA:27,4
DA:28,2
DA:29,2
DA:34,7
DA:35,4
DA:37,4
DA:40,7
DA:59,1
DA:77,1
DA:95,0
LF:24
LH:21
BRDA:13,0,0,0
BRDA:13,0,1,1
BRDA:15,1,0,0
BRDA:15,1,1,1
BRF:4
BRH:2
end_of_record
TN:
SF:src\pages\userEvents\index.jsx
FN:8,(anonymous_0)
FN:12,(anonymous_1)
FN:21,(anonymous_2)
FN:25,(anonymous_3)
FN:27,(anonymous_4)
FN:34,(anonymous_5)
FN:35,(anonymous_6)
FN:55,(anonymous_7)
FN:75,(anonymous_8)
FN:93,(anonymous_9)
FNF:10
FNH:9
FNDA:8,(anonymous_0)
FNDA:2,(anonymous_1)
FNDA:2,(anonymous_2)
FNDA:2,(anonymous_3)
FNDA:4,(anonymous_4)
FNDA:4,(anonymous_5)
FNDA:1,(anonymous_6)
FNDA:1,(anonymous_7)
FNDA:1,(anonymous_8)
FNDA:0,(anonymous_9)
DA:8,1
DA:9,8
DA:10,7
DA:11,7
DA:12,7
DA:13,2
DA:14,0
DA:15,2
DA:16,0
DA:18,2
DA:21,7
DA:23,2
DA:24,2
DA:26,2
DA:27,4
DA:28,2
DA:29,2
DA:34,7
DA:35,4
DA:37,4
DA:40,7
DA:55,1
DA:76,1
DA:93,0
LF:24
LH:21
BRDA:13,0,0,0
BRDA:13,0,1,2
BRDA:15,1,0,0
BRDA:15,1,1,2
BRF:4
BRH:2
end_of_record
